#
# A fatal error has been detected by the Java Runtime Environment:
#
#  SIGBUS (0x7) at pc=0x00007fbd5f734442, pid=6010, tid=140451375281920
#
# JRE version: 6.0_20-b20
# Java VM: OpenJDK 64-Bit Server VM (19.0-b09 mixed mode linux-amd64 compressed oops)
# Derivative: IcedTea6 1.9.9
# Distribution: Ubuntu 10.04.1 LTS, package 6b20-1.9.9-0ubuntu1~10.04.2
# Problematic frame:
# C  [libzip.so+0x4442]
#
# If you would like to submit a bug report, please include
# instructions how to reproduce the bug and visit:
#   https://bugs.launchpad.net/ubuntu/+source/openjdk-6/
# The crash happened outside the Java Virtual Machine in native code.
# See problematic frame for where to report the bug.
#

---------------  T H R E A D  ---------------

Current thread (0x00000000024be000):  JavaThread "main" [_thread_in_native, id=6011, stack(0x00007fbd6244f000,0x00007fbd62550000)]

siginfo:si_signo=SIGBUS: si_errno=0, si_code=2 (BUS_ADRERR), si_addr=0x00007fbd62557e22

Registers:
RAX=0x0000000002590db0, RBX=0x00007fbd62557e05, RCX=0x0000000002590da0, RDX=0x00007fbd61b15e40
RSP=0x00007fbd6254ddd0, RBP=0x00007fbd6254de10, RSI=0x0000000000000040, RDI=0x00007fbd61b15e40
R8 =0xc300007fbd5c73df, R9 =0x00007fbd61b15e60, R10=0x00007fbd5c740c5b, R11=0x00007fbd612a38a0
R12=0x0000000002590db0, R13=0x00000000025d02c0, R14=0x00007fbd6254ded8, R15=0x0000000002590db0
RIP=0x00007fbd5f734442, EFL=0x0000000000010206, CSGSFS=0x0000000000000033, ERR=0x0000000000000004
  TRAPNO=0x000000000000000e

Register to memory mapping:

RAX=0x0000000002590db0
0x0000000002590db0 is pointing to unknown location

RBX=0x00007fbd62557e05
0x00007fbd62557e05 is pointing to unknown location

RCX=0x0000000002590da0
0x0000000002590da0 is pointing to unknown location

RDX=0x00007fbd61b15e40
0x00007fbd61b15e40: <offset 0x37ee40> in /lib/libc.so.6 at 0x00007fbd61797000

RSP=0x00007fbd6254ddd0
0x00007fbd6254ddd0 is pointing into the stack for thread: 0x00000000024be000
"main" prio=10 tid=0x00000000024be000 nid=0x177b runnable [0x00007fbd6254d000]
   java.lang.Thread.State: RUNNABLE

RBP=0x00007fbd6254de10
0x00007fbd6254de10 is pointing into the stack for thread: 0x00000000024be000
"main" prio=10 tid=0x00000000024be000 nid=0x177b runnable [0x00007fbd6254d000]
   java.lang.Thread.State: RUNNABLE

RSI=0x0000000000000040
0x0000000000000040 is pointing to unknown location

RDI=0x00007fbd61b15e40
0x00007fbd61b15e40: <offset 0x37ee40> in /lib/libc.so.6 at 0x00007fbd61797000

R8 =0xc300007fbd5c73df
0xc300007fbd5c73df is pointing to unknown location

R9 =0x00007fbd61b15e60
0x00007fbd61b15e60: <offset 0x37ee60> in /lib/libc.so.6 at 0x00007fbd61797000

R10=0x00007fbd5c740c5b
method entry point (kind = native)  [0x00007fbd5c740a00, 0x00007fbd5c741220]  2080 bytes

R11=0x00007fbd612a38a0
0x00007fbd612a38a0: <offset 0x65b8a0> in /usr/lib/jvm/java-6-openjdk/jre/lib/amd64/server/libjvm.so at 0x00007fbd60c48000

R12=0x0000000002590db0
0x0000000002590db0 is pointing to unknown location

R13=0x00000000025d02c0
0x00000000025d02c0 is pointing to unknown location

R14=0x00007fbd6254ded8
0x00007fbd6254ded8 is pointing into the stack for thread: 0x00000000024be000
"main" prio=10 tid=0x00000000024be000 nid=0x177b runnable [0x00007fbd6254d000]
   java.lang.Thread.State: RUNNABLE

R15=0x0000000002590db0
0x0000000002590db0 is pointing to unknown location


Top of Stack: (sp=0x00007fbd6254ddd0)
0x00007fbd6254ddd0:   0000000002727760 00007fbd61201821
0x00007fbd6254dde0:   00000000025d02c0 00000000025d02c0
0x00007fbd6254ddf0:   0000000000000000 00000000f5c45200
0x00007fbd6254de00:   00007fbd6254ded8 00000000024be000
0x00007fbd6254de10:   00007fbd6254de40 00007fbd5f7346ac
0x00007fbd6254de20:   00007fbd6254ded8 0000000000000000
0x00007fbd6254de30:   00007fbd6254dea8 00000000f5c45200
0x00007fbd6254de40:   00007fbd6254dea8 00007fbd5c740c88
0x00007fbd6254de50:   00007fbdfffffffe 00007fbd00000000
0x00007fbd6254de60:   00000000024be000 00007fbd6254de68
0x00007fbd6254de70:   00000000f5c45200 00007fbd6254ded8
0x00007fbd6254de80:   00000000f5c46ff8 0000000000000000
0x00007fbd6254de90:   00000000f5c45200 0000000000000000
0x00007fbd6254dea0:   00007fbd6254dec8 00007fbd6254df20
0x00007fbd6254deb0:   00007fbd5c735929 00000000f5c46b30
0x00007fbd6254dec0:   00007fbd5c73df37 0000000000000000
0x00007fbd6254ded0:   00000000025d02c0 00007fbd6254df30
0x00007fbd6254dee0:   00007fbd6254dee0 00000000f5c45fda
0x00007fbd6254def0:   00007fbd6254df40 00000000f5c46ff8
0x00007fbd6254df00:   0000000000000000 00000000f5c46000
0x00007fbd6254df10:   00007fbd6254dec8 00007fbd6254df30
0x00007fbd6254df20:   00007fbd6254df98 00007fbd5c735929
0x00007fbd6254df30:   0000000000000000 00000000025d02c0
0x00007fbd6254df40:   00000000d6724a70 0000000000000001
0x00007fbd6254df50:   00000000d6724a70 00007fbd6254df48
0x00007fbd6254df60:   00000000f5d80426 00007fbd6254dfd0
0x00007fbd6254df70:   00000000f5d80988 0000000000000000
0x00007fbd6254df80:   00000000f5d80520 00007fbd6254df30
0x00007fbd6254df90:   00007fbd6254dfd0 00007fbd6254e018
0x00007fbd6254dfa0:   00007fbd5c7359b3 0000000000000000
0x00007fbd6254dfb0:   0000000000000000 0000000000000000
0x00007fbd6254dfc0:   0000000000000000 00000000d6724a70 

Instructions: (pc=0x00007fbd5f734442)
0x00007fbd5f734432:   28 00 00 00 00 8b 5b 04 49 2b 5d 28 49 03 5d 18
0x00007fbd5f734442:   44 0f b6 73 1d 0f b6 43 1c 41 c1 e6 08 41 09 c6 

Stack: [0x00007fbd6244f000,0x00007fbd62550000],  sp=0x00007fbd6254ddd0,  free space=1019k
Native frames: (J=compiled Java code, j=interpreted, Vv=VM code, C=native code)
C  [libzip.so+0x4442]
C  [libzip.so+0x46ac]  ZIP_GetNextEntry+0x4c
j  java.util.zip.ZipFile.getNextEntry(JI)J+0
j  java.util.zip.ZipFile.access$400(JI)J+2
j  java.util.zip.ZipFile$2.nextElement()Ljava/util/zip/ZipEntry;+54
j  java.util.zip.ZipFile$2.nextElement()Ljava/lang/Object;+1
j  java.util.jar.JarFile$1.nextElement()Ljava/util/jar/JarFile$JarFileEntry;+4
j  java.util.jar.JarFile$1.nextElement()Ljava/lang/Object;+1
j  com.tonicsystems.jarjar.ext_util.StandaloneJarProcessor.run(Ljava/io/File;Ljava/io/File;Lcom/tonicsystems/jarjar/ext_util/JarProcessor;)V+99
j  com.tonicsystems.jarjar.Main.process(Ljava/io/File;Ljava/io/File;Ljava/io/File;)V+61
v  ~StubRoutines::call_stub
V  [libjvm.so+0x431918]
V  [libjvm.so+0x4307b8]
V  [libjvm.so+0x644b4f]
V  [libjvm.so+0x645999]
V  [libjvm.so+0x4840b1]
j  sun.reflect.NativeMethodAccessorImpl.invoke0(Ljava/lang/reflect/Method;Ljava/lang/Object;[Ljava/lang/Object;)Ljava/lang/Object;+0
j  sun.reflect.NativeMethodAccessorImpl.invoke(Ljava/lang/Object;[Ljava/lang/Object;)Ljava/lang/Object;+87
j  sun.reflect.DelegatingMethodAccessorImpl.invoke(Ljava/lang/Object;[Ljava/lang/Object;)Ljava/lang/Object;+6
j  java.lang.reflect.Method.invoke(Ljava/lang/Object;[Ljava/lang/Object;)Ljava/lang/Object;+161
j  com.tonicsystems.jarjar.MainUtil.runMain(Ljava/lang/Object;[Ljava/lang/String;Ljava/lang/String;)V+78
j  com.tonicsystems.jarjar.Main.main([Ljava/lang/String;)V+10
v  ~StubRoutines::call_stub
V  [libjvm.so+0x431918]
V  [libjvm.so+0x4307b8]
V  [libjvm.so+0x43d043]
V  [libjvm.so+0x44afc1]
C  [java+0x37c5]  JavaMain+0xd75

Java frames: (J=compiled Java code, j=interpreted, Vv=VM code)
j  java.util.zip.ZipFile.getNextEntry(JI)J+0
j  java.util.zip.ZipFile.access$400(JI)J+2
j  java.util.zip.ZipFile$2.nextElement()Ljava/util/zip/ZipEntry;+54
j  java.util.zip.ZipFile$2.nextElement()Ljava/lang/Object;+1
j  java.util.jar.JarFile$1.nextElement()Ljava/util/jar/JarFile$JarFileEntry;+4
j  java.util.jar.JarFile$1.nextElement()Ljava/lang/Object;+1
j  com.tonicsystems.jarjar.ext_util.StandaloneJarProcessor.run(Ljava/io/File;Ljava/io/File;Lcom/tonicsystems/jarjar/ext_util/JarProcessor;)V+99
j  com.tonicsystems.jarjar.Main.process(Ljava/io/File;Ljava/io/File;Ljava/io/File;)V+61
v  ~StubRoutines::call_stub
j  sun.reflect.NativeMethodAccessorImpl.invoke0(Ljava/lang/reflect/Method;Ljava/lang/Object;[Ljava/lang/Object;)Ljava/lang/Object;+0
j  sun.reflect.NativeMethodAccessorImpl.invoke(Ljava/lang/Object;[Ljava/lang/Object;)Ljava/lang/Object;+87
j  sun.reflect.DelegatingMethodAccessorImpl.invoke(Ljava/lang/Object;[Ljava/lang/Object;)Ljava/lang/Object;+6
j  java.lang.reflect.Method.invoke(Ljava/lang/Object;[Ljava/lang/Object;)Ljava/lang/Object;+161
j  com.tonicsystems.jarjar.MainUtil.runMain(Ljava/lang/Object;[Ljava/lang/String;Ljava/lang/String;)V+78
j  com.tonicsystems.jarjar.Main.main([Ljava/lang/String;)V+10
v  ~StubRoutines::call_stub

---------------  P R O C E S S  ---------------

Java Threads: ( => current thread )
  0x0000000002555800 JavaThread "Low Memory Detector" daemon [_thread_blocked, id=6018, stack(0x00007fbd5ba96000,0x00007fbd5bb97000)]
  0x0000000002550800 JavaThread "CompilerThread1" daemon [_thread_blocked, id=6017, stack(0x00007fbd5bb97000,0x00007fbd5bc98000)]
  0x000000000254e000 JavaThread "CompilerThread0" daemon [_thread_blocked, id=6016, stack(0x00007fbd5bc98000,0x00007fbd5bd99000)]
  0x000000000254c800 JavaThread "Signal Dispatcher" daemon [_thread_blocked, id=6015, stack(0x00007fbd5bd99000,0x00007fbd5be9a000)]
  0x0000000002527800 JavaThread "Finalizer" daemon [_thread_blocked, id=6014, stack(0x00007fbd5bff3000,0x00007fbd5c0f4000)]
  0x0000000002525800 JavaThread "Reference Handler" daemon [_thread_blocked, id=6013, stack(0x00007fbd5c0f4000,0x00007fbd5c1f5000)]
=>0x00000000024be000 JavaThread "main" [_thread_in_native, id=6011, stack(0x00007fbd6244f000,0x00007fbd62550000)]

Other Threads:
  0x000000000251e800 VMThread [stack: 0x00007fbd5c1f5000,0x00007fbd5c2f6000] [id=6012]
  0x0000000002558800 WatcherThread [stack: 0x00007fbd5b995000,0x00007fbd5ba96000] [id=6019]

VM state:not at safepoint (normal execution)

VM Mutex/Monitor currently owned by a thread: None

Heap
 def new generation   total 4800K, used 1266K [0x00000000d6600000, 0x00000000d6b30000, 0x00000000e0ca0000)
  eden space 4288K,  29% used [0x00000000d6600000, 0x00000000d673ca98, 0x00000000d6a30000)
  from space 512K,   0% used [0x00000000d6a30000, 0x00000000d6a30000, 0x00000000d6ab0000)
  to   space 512K,   0% used [0x00000000d6ab0000, 0x00000000d6ab0000, 0x00000000d6b30000)
 tenured generation   total 10688K, used 0K [0x00000000e0ca0000, 0x00000000e1710000, 0x00000000f5a00000)
   the space 10688K,   0% used [0x00000000e0ca0000, 0x00000000e0ca0000, 0x00000000e0ca0200, 0x00000000e1710000)
 compacting perm gen  total 21248K, used 3589K [0x00000000f5a00000, 0x00000000f6ec0000, 0x0000000100000000)
   the space 21248K,  16% used [0x00000000f5a00000, 0x00000000f5d81798, 0x00000000f5d81800, 0x00000000f6ec0000)
No shared spaces configured.

Dynamic libraries:
00400000-00409000 r-xp 00000000 08:01 1004069                            /usr/lib/jvm/java-6-openjdk/jre/bin/java
00608000-00609000 r--p 00008000 08:01 1004069                            /usr/lib/jvm/java-6-openjdk/jre/bin/java
00609000-0060a000 rw-p 00009000 08:01 1004069                            /usr/lib/jvm/java-6-openjdk/jre/bin/java
024b5000-027ed000 rw-p 00000000 00:00 0                                  [heap]
d6600000-d6b30000 rw-p 00000000 00:00 0 
d6b30000-e0ca0000 rw-p 00000000 00:00 0 
e0ca0000-e1710000 rw-p 00000000 00:00 0 
e1710000-f5a00000 rw-p 00000000 00:00 0 
f5a00000-f6ec0000 rw-p 00000000 00:00 0 
f6ec0000-100000000 rw-p 00000000 00:00 0 
7fbd54000000-7fbd5402a000 rw-p 00000000 00:00 0 
7fbd5402a000-7fbd58000000 ---p 00000000 00:00 0 
7fbd5b995000-7fbd5b996000 ---p 00000000 00:00 0 
7fbd5b996000-7fbd5ba96000 rw-p 00000000 00:00 0 
7fbd5ba96000-7fbd5ba99000 ---p 00000000 00:00 0 
7fbd5ba99000-7fbd5bb97000 rw-p 00000000 00:00 0 
7fbd5bb97000-7fbd5bb9a000 ---p 00000000 00:00 0 
7fbd5bb9a000-7fbd5bc98000 rw-p 00000000 00:00 0 
7fbd5bc98000-7fbd5bc9b000 ---p 00000000 00:00 0 
7fbd5bc9b000-7fbd5bd99000 rw-p 00000000 00:00 0 
7fbd5bd99000-7fbd5bd9c000 ---p 00000000 00:00 0 
7fbd5bd9c000-7fbd5be9a000 rw-p 00000000 00:00 0 
7fbd5be9a000-7fbd5bea1000 r--s 00000000 08:01 482127                     /usr/lib/gconv/gconv-modules.cache
7fbd5bea1000-7fbd5bee0000 r--p 00000000 08:01 1354562                    /usr/lib/locale/en_CA.utf8/LC_CTYPE
7fbd5bee0000-7fbd5bff3000 r--p 00000000 08:01 1346425                    /usr/lib/locale/locale-archive
7fbd5bff3000-7fbd5bff6000 ---p 00000000 00:00 0 
7fbd5bff6000-7fbd5c0f4000 rw-p 00000000 00:00 0 
7fbd5c0f4000-7fbd5c0f7000 ---p 00000000 00:00 0 
7fbd5c0f7000-7fbd5c1f5000 rw-p 00000000 00:00 0 
7fbd5c1f5000-7fbd5c1f6000 ---p 00000000 00:00 0 
7fbd5c1f6000-7fbd5c2f6000 rw-p 00000000 00:00 0 
7fbd5c2f6000-7fbd5c2f8000 r--s 0001d000 08:01 386292                     /usr/lib/jvm/java-6-openjdk/jre/lib/plugin.jar
7fbd5c2f8000-7fbd5c2fd000 r--s 00045000 08:01 386291                     /usr/lib/jvm/java-6-openjdk/jre/lib/netx.jar
7fbd5c2fd000-7fbd5c330000 rw-p 00000000 00:00 0 
7fbd5c330000-7fbd5c4bf000 r--s 038c2000 08:01 386312                     /usr/lib/jvm/java-6-openjdk/jre/lib/rt.jar
7fbd5c4bf000-7fbd5c4f2000 rw-p 00000000 00:00 0 
7fbd5c4f2000-7fbd5c53b000 rw-p 00000000 00:00 0 
7fbd5c53b000-7fbd5c541000 rw-p 00000000 00:00 0 
7fbd5c541000-7fbd5c5e2000 rw-p 00000000 00:00 0 
7fbd5c5e2000-7fbd5c5e5000 rw-p 00000000 00:00 0 
7fbd5c5e5000-7fbd5c635000 rw-p 00000000 00:00 0 
7fbd5c635000-7fbd5c63b000 rw-p 00000000 00:00 0 
7fbd5c63b000-7fbd5c6dc000 rw-p 00000000 00:00 0 
7fbd5c6dc000-7fbd5c6e7000 rw-p 00000000 00:00 0 
7fbd5c6e7000-7fbd5c72f000 rw-p 00000000 00:00 0 
7fbd5c72f000-7fbd5c730000 rw-p 00000000 00:00 0 
7fbd5c730000-7fbd5c9a0000 rwxp 00000000 00:00 0 
7fbd5c9a0000-7fbd5f730000 rw-p 00000000 00:00 0 
7fbd5f730000-7fbd5f737000 r-xp 00000000 08:01 1398285                    /usr/lib/jvm/java-6-openjdk/jre/lib/amd64/libzip.so
7fbd5f737000-7fbd5f936000 ---p 00007000 08:01 1398285                    /usr/lib/jvm/java-6-openjdk/jre/lib/amd64/libzip.so
7fbd5f936000-7fbd5f937000 r--p 00006000 08:01 1398285                    /usr/lib/jvm/java-6-openjdk/jre/lib/amd64/libzip.so
7fbd5f937000-7fbd5f938000 rw-p 00007000 08:01 1398285                    /usr/lib/jvm/java-6-openjdk/jre/lib/amd64/libzip.so
7fbd5f938000-7fbd5f944000 r-xp 00000000 08:01 131939                     /lib/libnss_files-2.11.1.so
7fbd5f944000-7fbd5fb43000 ---p 0000c000 08:01 131939                     /lib/libnss_files-2.11.1.so
7fbd5fb43000-7fbd5fb44000 r--p 0000b000 08:01 131939                     /lib/libnss_files-2.11.1.so
7fbd5fb44000-7fbd5fb45000 rw-p 0000c000 08:01 131939                     /lib/libnss_files-2.11.1.so
7fbd5fb45000-7fbd5fb4f000 r-xp 00000000 08:01 131941                     /lib/libnss_nis-2.11.1.so
7fbd5fb4f000-7fbd5fd4e000 ---p 0000a000 08:01 131941                     /lib/libnss_nis-2.11.1.so
7fbd5fd4e000-7fbd5fd4f000 r--p 00009000 08:01 131941                     /lib/libnss_nis-2.11.1.so
7fbd5fd4f000-7fbd5fd50000 rw-p 0000a000 08:01 131941                     /lib/libnss_nis-2.11.1.so
7fbd5fd50000-7fbd5fd58000 r-xp 00000000 08:01 131937                     /lib/libnss_compat-2.11.1.so
7fbd5fd58000-7fbd5ff57000 ---p 00008000 08:01 131937                     /lib/libnss_compat-2.11.1.so
7fbd5ff57000-7fbd5ff58000 r--p 00007000 08:01 131937                     /lib/libnss_compat-2.11.1.so
7fbd5ff58000-7fbd5ff59000 rw-p 00008000 08:01 131937                     /lib/libnss_compat-2.11.1.so
7fbd5ff59000-7fbd5ff61000 r-xp 00000000 08:01 1690006                    /usr/lib/jvm/java-6-openjdk/jre/lib/amd64/native_threads/libhpi.so
7fbd5ff61000-7fbd60160000 ---p 00008000 08:01 1690006                    /usr/lib/jvm/java-6-openjdk/jre/lib/amd64/native_threads/libhpi.so
7fbd60160000-7fbd60161000 r--p 00007000 08:01 1690006                    /usr/lib/jvm/java-6-openjdk/jre/lib/amd64/native_threads/libhpi.so
7fbd60161000-7fbd60162000 rw-p 00008000 08:01 1690006                    /usr/lib/jvm/java-6-openjdk/jre/lib/amd64/native_threads/libhpi.so
7fbd60162000-7fbd60179000 r-xp 00000000 08:01 131936                     /lib/libnsl-2.11.1.so
7fbd60179000-7fbd60378000 ---p 00017000 08:01 131936                     /lib/libnsl-2.11.1.so
7fbd60378000-7fbd60379000 r--p 00016000 08:01 131936                     /lib/libnsl-2.11.1.so
7fbd60379000-7fbd6037a000 rw-p 00017000 08:01 131936                     /lib/libnsl-2.11.1.so
7fbd6037a000-7fbd6037c000 rw-p 00000000 00:00 0 
7fbd6037c000-7fbd603a9000 r-xp 00000000 08:01 1398218                    /usr/lib/jvm/java-6-openjdk/jre/lib/amd64/libjava.so
7fbd603a9000-7fbd605a8000 ---p 0002d000 08:01 1398218                    /usr/lib/jvm/java-6-openjdk/jre/lib/amd64/libjava.so
7fbd605a8000-7fbd605a9000 r--p 0002c000 08:01 1398218                    /usr/lib/jvm/java-6-openjdk/jre/lib/amd64/libjava.so
7fbd605a9000-7fbd605ac000 rw-p 0002d000 08:01 1398218                    /usr/lib/jvm/java-6-openjdk/jre/lib/amd64/libjava.so
7fbd605ac000-7fbd605bb000 r-xp 00000000 08:01 1397816                    /usr/lib/jvm/java-6-openjdk/jre/lib/amd64/libverify.so
7fbd605bb000-7fbd607ba000 ---p 0000f000 08:01 1397816                    /usr/lib/jvm/java-6-openjdk/jre/lib/amd64/libverify.so
7fbd607ba000-7fbd607bc000 r--p 0000e000 08:01 1397816                    /usr/lib/jvm/java-6-openjdk/jre/lib/amd64/libverify.so
7fbd607bc000-7fbd607bd000 rw-p 00010000 08:01 1397816                    /usr/lib/jvm/java-6-openjdk/jre/lib/amd64/libverify.so
7fbd607bd000-7fbd607c4000 r-xp 00000000 08:01 131946                     /lib/librt-2.11.1.so
7fbd607c4000-7fbd609c3000 ---p 00007000 08:01 131946                     /lib/librt-2.11.1.so
7fbd609c3000-7fbd609c4000 r--p 00006000 08:01 131946                     /lib/librt-2.11.1.so
7fbd609c4000-7fbd609c5000 rw-p 00007000 08:01 131946                     /lib/librt-2.11.1.so
7fbd609c5000-7fbd60a47000 r-xp 00000000 08:01 131934                     /lib/libm-2.11.1.so
7fbd60a47000-7fbd60c46000 ---p 00082000 08:01 131934                     /lib/libm-2.11.1.so
7fbd60c46000-7fbd60c47000 r--p 00081000 08:01 131934                     /lib/libm-2.11.1.so
7fbd60c47000-7fbd60c48000 rw-p 00082000 08:01 131934                     /lib/libm-2.11.1.so
7fbd60c48000-7fbd614ce000 r-xp 00000000 08:01 1689903                    /usr/lib/jvm/java-6-openjdk/jre/lib/amd64/server/libjvm.so
7fbd614ce000-7fbd616cd000 ---p 00886000 08:01 1689903                    /usr/lib/jvm/java-6-openjdk/jre/lib/amd64/server/libjvm.so
7fbd616cd000-7fbd61743000 r--p 00885000 08:01 1689903                    /usr/lib/jvm/java-6-openjdk/jre/lib/amd64/server/libjvm.so
7fbd61743000-7fbd6175e000 rw-p 008fb000 08:01 1689903                    /usr/lib/jvm/java-6-openjdk/jre/lib/amd64/server/libjvm.so
7fbd6175e000-7fbd61797000 rw-p 00000000 00:00 0 
7fbd61797000-7fbd61911000 r-xp 00000000 08:01 131930                     /lib/libc-2.11.1.so
7fbd61911000-7fbd61b10000 ---p 0017a000 08:01 131930                     /lib/libc-2.11.1.so
7fbd61b10000-7fbd61b14000 r--p 00179000 08:01 131930                     /lib/libc-2.11.1.so
7fbd61b14000-7fbd61b15000 rw-p 0017d000 08:01 131930                     /lib/libc-2.11.1.so
7fbd61b15000-7fbd61b1a000 rw-p 00000000 00:00 0 
7fbd61b1a000-7fbd61b1c000 r-xp 00000000 08:01 131933                     /lib/libdl-2.11.1.so
7fbd61b1c000-7fbd61d1c000 ---p 00002000 08:01 131933                     /lib/libdl-2.11.1.so
7fbd61d1c000-7fbd61d1d000 r--p 00002000 08:01 131933                     /lib/libdl-2.11.1.so
7fbd61d1d000-7fbd61d1e000 rw-p 00003000 08:01 131933                     /lib/libdl-2.11.1.so
7fbd61d1e000-7fbd61d22000 r-xp 00000000 08:01 1689901                    /usr/lib/jvm/java-6-openjdk/jre/lib/amd64/jli/libjli.so
7fbd61d22000-7fbd61f21000 ---p 00004000 08:01 1689901                    /usr/lib/jvm/java-6-openjdk/jre/lib/amd64/jli/libjli.so
7fbd61f21000-7fbd61f22000 r--p 00003000 08:01 1689901                    /usr/lib/jvm/java-6-openjdk/jre/lib/amd64/jli/libjli.so
7fbd61f22000-7fbd61f23000 rw-p 00004000 08:01 1689901                    /usr/lib/jvm/java-6-openjdk/jre/lib/amd64/jli/libjli.so
7fbd61f23000-7fbd61f3b000 r-xp 00000000 08:01 131944                     /lib/libpthread-2.11.1.so
7fbd61f3b000-7fbd6213a000 ---p 00018000 08:01 131944                     /lib/libpthread-2.11.1.so
7fbd6213a000-7fbd6213b000 r--p 00017000 08:01 131944                     /lib/libpthread-2.11.1.so
7fbd6213b000-7fbd6213c000 rw-p 00018000 08:01 131944                     /lib/libpthread-2.11.1.so
7fbd6213c000-7fbd62140000 rw-p 00000000 00:00 0 
7fbd62140000-7fbd62156000 r-xp 00000000 08:01 262374                     /lib/libz.so.1.2.3.3
7fbd62156000-7fbd62355000 ---p 00016000 08:01 262374                     /lib/libz.so.1.2.3.3
7fbd62355000-7fbd62356000 r--p 00015000 08:01 262374                     /lib/libz.so.1.2.3.3
7fbd62356000-7fbd62357000 rw-p 00016000 08:01 262374                     /lib/libz.so.1.2.3.3
7fbd62357000-7fbd62377000 r-xp 00000000 08:01 131927                     /lib/ld-2.11.1.so
7fbd6238b000-7fbd6238f000 r--s 0007c000 08:01 386287                     /usr/lib/jvm/java-6-openjdk/jre/lib/jsse.jar
7fbd6238f000-7fbd62399000 rw-p 00000000 00:00 0 
7fbd62399000-7fbd6244f000 rw-p 00000000 00:00 0 
7fbd6244f000-7fbd62452000 ---p 00000000 00:00 0 
7fbd62452000-7fbd62555000 rw-p 00000000 00:00 0 
7fbd62557000-7fbd62558000 r--s 00000000 08:01 890196                     /home/zhuowei/Documents/winprogress/mine/mineclassic/mccp/input/boot.jar
7fbd62558000-7fbd6255b000 r--s 00019000 08:01 1093843                    /home/zhuowei/Documents/winprogress/mine/mineclassic/mccp/bin/jarjar-1.1.jar
7fbd6255b000-7fbd62564000 r--s 00065000 08:01 1395506                    /usr/share/java/gnome-java-bridge.jar
7fbd62564000-7fbd62567000 r--s 0000f000 08:01 482516                     /usr/lib/jvm/java-6-openjdk/jre/lib/ext/pulse-java.jar
7fbd62567000-7fbd6256a000 r--s 00019000 08:01 1093843                    /home/zhuowei/Documents/winprogress/mine/mineclassic/mccp/bin/jarjar-1.1.jar
7fbd6256a000-7fbd62572000 rw-s 00000000 08:01 1093793                    /tmp/hsperfdata_zhuowei/6010
7fbd62572000-7fbd62573000 rw-p 00000000 00:00 0 
7fbd62573000-7fbd62574000 r--p 00000000 00:00 0 
7fbd62574000-7fbd62576000 rw-p 00000000 00:00 0 
7fbd62576000-7fbd62577000 r--p 0001f000 08:01 131927                     /lib/ld-2.11.1.so
7fbd62577000-7fbd62578000 rw-p 00020000 08:01 131927                     /lib/ld-2.11.1.so
7fbd62578000-7fbd62579000 rw-p 00000000 00:00 0 
7fff2592b000-7fff25961000 rw-p 00000000 00:00 0                          [stack]
7fff259ff000-7fff25a00000 r-xp 00000000 00:00 0                          [vdso]
ffffffffff600000-ffffffffff601000 r-xp 00000000 00:00 0                  [vsyscall]

VM Arguments:
java_command: jarjar-1.1.jar process ../configs/jarjardecomp.rules ../input/../input/boot.jar ../output/../input/boot.jar
Launcher Type: SUN_STANDARD

Environment Variables:
PATH=/home/zhuowei/Documents/winprogress/alchemy-ubuntu-v0.5a/bin:/home/zhuowei/bin:/usr/local/sbin:/usr/local/bin:/usr/sbin:/usr/bin:/sbin:/bin:/usr/games:/home/zhuowei/bin/flex_sdk_4.5.0.17689/bin:/home/zhuowei/Documents/winprogress/AdobeAIRSDK/bin/:/home/zhuowei/bin/flex_sdk_4.5.0.20967/bin/
USERNAME=zhuowei
LD_LIBRARY_PATH=/usr/lib/jvm/java-6-openjdk/jre/lib/amd64/server:/usr/lib/jvm/java-6-openjdk/jre/lib/amd64:/usr/lib/jvm/java-6-openjdk/jre/../lib/amd64
SHELL=/bin/bash
DISPLAY=:0.0

Signal Handlers:
SIGSEGV: [libjvm.so+0x724020], sa_mask[0]=0x7ffbfeff, sa_flags=0x10000004
SIGBUS: [libjvm.so+0x724020], sa_mask[0]=0x7ffbfeff, sa_flags=0x10000004
SIGFPE: [libjvm.so+0x5e0850], sa_mask[0]=0x7ffbfeff, sa_flags=0x10000004
SIGPIPE: [libjvm.so+0x5e0850], sa_mask[0]=0x7ffbfeff, sa_flags=0x10000004
SIGXFSZ: [libjvm.so+0x5e0850], sa_mask[0]=0x7ffbfeff, sa_flags=0x10000004
SIGILL: [libjvm.so+0x5e0850], sa_mask[0]=0x7ffbfeff, sa_flags=0x10000004
SIGUSR1: SIG_DFL, sa_mask[0]=0x00000000, sa_flags=0x00000000
SIGUSR2: [libjvm.so+0x5dff60], sa_mask[0]=0x00000000, sa_flags=0x10000004
SIGHUP: [libjvm.so+0x5e29d0], sa_mask[0]=0x7ffbfeff, sa_flags=0x10000004
SIGINT: [libjvm.so+0x5e29d0], sa_mask[0]=0x7ffbfeff, sa_flags=0x10000004
SIGTERM: [libjvm.so+0x5e29d0], sa_mask[0]=0x7ffbfeff, sa_flags=0x10000004
SIGQUIT: [libjvm.so+0x5e29d0], sa_mask[0]=0x7ffbfeff, sa_flags=0x10000004


---------------  S Y S T E M  ---------------

OS:Ubuntu 10.04 (lucid)
uname:Linux 2.6.32-34-generic #77-Ubuntu SMP Tue Sep 13 19:39:17 UTC 2011 x86_64
libc:glibc 2.11.1 NPTL 2.11.1 
rlimit: STACK 8192k, CORE 0k, NPROC infinity, NOFILE 1024, AS infinity
load average:1.69 1.26 1.20

/proc/meminfo:
MemTotal:        1023796 kB
MemFree:           65284 kB
Buffers:            9164 kB
Cached:           214012 kB
SwapCached:        67284 kB
Active:           260828 kB
Inactive:         594540 kB
Active(anon):     198268 kB
Inactive(anon):   437136 kB
Active(file):      62560 kB
Inactive(file):   157404 kB
Unevictable:           0 kB
Mlocked:               0 kB
SwapTotal:       2048248 kB
SwapFree:        1527376 kB
Dirty:                68 kB
Writeback:             0 kB
AnonPages:        588540 kB
Mapped:            52876 kB
Shmem:              3212 kB
Slab:              29072 kB
SReclaimable:      11052 kB
SUnreclaim:        18020 kB
KernelStack:        2352 kB
PageTables:        24244 kB
NFS_Unstable:          0 kB
Bounce:                0 kB
WritebackTmp:          0 kB
CommitLimit:     2560144 kB
Committed_AS:    1858092 kB
VmallocTotal:   34359738367 kB
VmallocUsed:      305512 kB
VmallocChunk:   34359414780 kB
HardwareCorrupted:     0 kB
HugePages_Total:       0
HugePages_Free:        0
HugePages_Rsvd:        0
HugePages_Surp:        0
Hugepagesize:       2048 kB
DirectMap4k:       12224 kB
DirectMap2M:     1036288 kB


CPU:total 1 (1 cores per cpu, 1 threads per core) family 15 model 47 stepping 2, cmov, cx8, fxsr, mmx, sse, sse2, sse3, mmxext, 3dnow, 3dnowext

Memory: 4k page, physical 1023796k(65284k free), swap 2048248k(1527376k free)

vm_info: OpenJDK 64-Bit Server VM (19.0-b09) for linux-amd64 JRE (1.6.0_20-b20), built on Jul 22 2011 01:26:54 by "buildd" with gcc 4.4.3

time: Thu Oct 27 22:26:29 2011
elapsed time: 0 seconds

