#
# A fatal error has been detected by the Java Runtime Environment:
#
#  SIGBUS (0x7) at pc=0x00007f70f4451442, pid=6020, tid=140123159578368
#
# JRE version: 6.0_20-b20
# Java VM: OpenJDK 64-Bit Server VM (19.0-b09 mixed mode linux-amd64 compressed oops)
# Derivative: IcedTea6 1.9.9
# Distribution: Ubuntu 10.04.1 LTS, package 6b20-1.9.9-0ubuntu1~10.04.2
# Problematic frame:
# C  [libzip.so+0x4442]
#
# If you would like to submit a bug report, please include
# instructions how to reproduce the bug and visit:
#   https://bugs.launchpad.net/ubuntu/+source/openjdk-6/
# The crash happened outside the Java Virtual Machine in native code.
# See problematic frame for where to report the bug.
#

---------------  T H R E A D  ---------------

Current thread (0x00000000017a8000):  JavaThread "main" [_thread_in_native, id=6021, stack(0x00007f70f716c000,0x00007f70f726d000)]

siginfo:si_signo=SIGBUS: si_errno=0, si_code=2 (BUS_ADRERR), si_addr=0x00007f70f70a3935

Registers:
RAX=0x000000000187af00, RBX=0x00007f70f70a3918, RCX=0x000000000187aef0, RDX=0x00007f70f6832e40
RSP=0x00007f70f726add0, RBP=0x00007f70f726ae10, RSI=0x0000000000000040, RDI=0x00007f70f6832e40
R8 =0xc300007f70f145af, R9 =0x00007f70f6832e60, R10=0x00007f70f145dc5b, R11=0x00007f70f5fc08a0
R12=0x000000000187af00, R13=0x00000000019d26d0, R14=0x00007f70f726aed8, R15=0x000000000187af00
RIP=0x00007f70f4451442, EFL=0x0000000000010206, CSGSFS=0x0000000000000033, ERR=0x0000000000000004
  TRAPNO=0x000000000000000e

Register to memory mapping:

RAX=0x000000000187af00
0x000000000187af00 is pointing to unknown location

RBX=0x00007f70f70a3918
0x00007f70f70a3918 is pointing to unknown location

RCX=0x000000000187aef0
0x000000000187aef0 is pointing to unknown location

RDX=0x00007f70f6832e40
0x00007f70f6832e40: <offset 0x37ee40> in /lib/libc.so.6 at 0x00007f70f64b4000

RSP=0x00007f70f726add0
0x00007f70f726add0 is pointing into the stack for thread: 0x00000000017a8000
"main" prio=10 tid=0x00000000017a8000 nid=0x1785 runnable [0x00007f70f726a000]
   java.lang.Thread.State: RUNNABLE

RBP=0x00007f70f726ae10
0x00007f70f726ae10 is pointing into the stack for thread: 0x00000000017a8000
"main" prio=10 tid=0x00000000017a8000 nid=0x1785 runnable [0x00007f70f726a000]
   java.lang.Thread.State: RUNNABLE

RSI=0x0000000000000040
0x0000000000000040 is pointing to unknown location

RDI=0x00007f70f6832e40
0x00007f70f6832e40: <offset 0x37ee40> in /lib/libc.so.6 at 0x00007f70f64b4000

R8 =0xc300007f70f145af
0xc300007f70f145af is pointing to unknown location

R9 =0x00007f70f6832e60
0x00007f70f6832e60: <offset 0x37ee60> in /lib/libc.so.6 at 0x00007f70f64b4000

R10=0x00007f70f145dc5b
method entry point (kind = native)  [0x00007f70f145da00, 0x00007f70f145e220]  2080 bytes

R11=0x00007f70f5fc08a0
0x00007f70f5fc08a0: <offset 0x65b8a0> in /usr/lib/jvm/java-6-openjdk/jre/lib/amd64/server/libjvm.so at 0x00007f70f5965000

R12=0x000000000187af00
0x000000000187af00 is pointing to unknown location

R13=0x00000000019d26d0
0x00000000019d26d0 is pointing to unknown location

R14=0x00007f70f726aed8
0x00007f70f726aed8 is pointing into the stack for thread: 0x00000000017a8000
"main" prio=10 tid=0x00000000017a8000 nid=0x1785 runnable [0x00007f70f726a000]
   java.lang.Thread.State: RUNNABLE

R15=0x000000000187af00
0x000000000187af00 is pointing to unknown location


Top of Stack: (sp=0x00007f70f726add0)
0x00007f70f726add0:   0000000001a30f80 00007f70f5f1e821
0x00007f70f726ade0:   00000000019d26d0 00000000019d26d0
0x00007f70f726adf0:   0000000000000000 00000000f5c45200
0x00007f70f726ae00:   00007f70f726aed8 00000000017a8000
0x00007f70f726ae10:   00007f70f726ae40 00007f70f44516ac
0x00007f70f726ae20:   00007f70f726aed8 0000000000000000
0x00007f70f726ae30:   00007f70f726aea8 00000000f5c45200
0x00007f70f726ae40:   00007f70f726aea8 00007f70f145dc88
0x00007f70f726ae50:   00007f70fffffffe 00007f7000000000
0x00007f70f726ae60:   00000000017a8000 00007f70f726ae68
0x00007f70f726ae70:   00000000f5c45200 00007f70f726aed8
0x00007f70f726ae80:   00000000f5c46ff8 0000000000000000
0x00007f70f726ae90:   00000000f5c45200 0000000000000000
0x00007f70f726aea0:   00007f70f726aec8 00007f70f726af20
0x00007f70f726aeb0:   00007f70f1452929 00000000f5c46b30
0x00007f70f726aec0:   00007f70f145af37 0000000000000000
0x00007f70f726aed0:   00000000019d26d0 00007f70f726af30
0x00007f70f726aee0:   00007f70f726aee0 00000000f5c45fda
0x00007f70f726aef0:   00007f70f726af40 00000000f5c46ff8
0x00007f70f726af00:   0000000000000000 00000000f5c46000
0x00007f70f726af10:   00007f70f726aec8 00007f70f726af30
0x00007f70f726af20:   00007f70f726af98 00007f70f1452929
0x00007f70f726af30:   0000000000000000 00000000019d26d0
0x00007f70f726af40:   00000000d6724a90 0000000000000001
0x00007f70f726af50:   00000000d6724a90 00007f70f726af48
0x00007f70f726af60:   00000000f5d80426 00007f70f726afd0
0x00007f70f726af70:   00000000f5d80988 0000000000000000
0x00007f70f726af80:   00000000f5d80520 00007f70f726af30
0x00007f70f726af90:   00007f70f726afd0 00007f70f726b018
0x00007f70f726afa0:   00007f70f14529b3 0000000000000000
0x00007f70f726afb0:   0000000000000000 0000000000000000
0x00007f70f726afc0:   0000000000000000 00000000d6724a90 

Instructions: (pc=0x00007f70f4451442)
0x00007f70f4451432:   28 00 00 00 00 8b 5b 04 49 2b 5d 28 49 03 5d 18
0x00007f70f4451442:   44 0f b6 73 1d 0f b6 43 1c 41 c1 e6 08 41 09 c6 

Stack: [0x00007f70f716c000,0x00007f70f726d000],  sp=0x00007f70f726add0,  free space=1019k
Native frames: (J=compiled Java code, j=interpreted, Vv=VM code, C=native code)
C  [libzip.so+0x4442]
C  [libzip.so+0x46ac]  ZIP_GetNextEntry+0x4c
j  java.util.zip.ZipFile.getNextEntry(JI)J+0
j  java.util.zip.ZipFile.access$400(JI)J+2
j  java.util.zip.ZipFile$2.nextElement()Ljava/util/zip/ZipEntry;+54
j  java.util.zip.ZipFile$2.nextElement()Ljava/lang/Object;+1
j  java.util.jar.JarFile$1.nextElement()Ljava/util/jar/JarFile$JarFileEntry;+4
j  java.util.jar.JarFile$1.nextElement()Ljava/lang/Object;+1
j  com.tonicsystems.jarjar.ext_util.StandaloneJarProcessor.run(Ljava/io/File;Ljava/io/File;Lcom/tonicsystems/jarjar/ext_util/JarProcessor;)V+99
j  com.tonicsystems.jarjar.Main.process(Ljava/io/File;Ljava/io/File;Ljava/io/File;)V+61
v  ~StubRoutines::call_stub
V  [libjvm.so+0x431918]
V  [libjvm.so+0x4307b8]
V  [libjvm.so+0x644b4f]
V  [libjvm.so+0x645999]
V  [libjvm.so+0x4840b1]
j  sun.reflect.NativeMethodAccessorImpl.invoke0(Ljava/lang/reflect/Method;Ljava/lang/Object;[Ljava/lang/Object;)Ljava/lang/Object;+0
j  sun.reflect.NativeMethodAccessorImpl.invoke(Ljava/lang/Object;[Ljava/lang/Object;)Ljava/lang/Object;+87
j  sun.reflect.DelegatingMethodAccessorImpl.invoke(Ljava/lang/Object;[Ljava/lang/Object;)Ljava/lang/Object;+6
j  java.lang.reflect.Method.invoke(Ljava/lang/Object;[Ljava/lang/Object;)Ljava/lang/Object;+161
j  com.tonicsystems.jarjar.MainUtil.runMain(Ljava/lang/Object;[Ljava/lang/String;Ljava/lang/String;)V+78
j  com.tonicsystems.jarjar.Main.main([Ljava/lang/String;)V+10
v  ~StubRoutines::call_stub
V  [libjvm.so+0x431918]
V  [libjvm.so+0x4307b8]
V  [libjvm.so+0x43d043]
V  [libjvm.so+0x44afc1]
C  [java+0x37c5]  JavaMain+0xd75

Java frames: (J=compiled Java code, j=interpreted, Vv=VM code)
j  java.util.zip.ZipFile.getNextEntry(JI)J+0
j  java.util.zip.ZipFile.access$400(JI)J+2
j  java.util.zip.ZipFile$2.nextElement()Ljava/util/zip/ZipEntry;+54
j  java.util.zip.ZipFile$2.nextElement()Ljava/lang/Object;+1
j  java.util.jar.JarFile$1.nextElement()Ljava/util/jar/JarFile$JarFileEntry;+4
j  java.util.jar.JarFile$1.nextElement()Ljava/lang/Object;+1
j  com.tonicsystems.jarjar.ext_util.StandaloneJarProcessor.run(Ljava/io/File;Ljava/io/File;Lcom/tonicsystems/jarjar/ext_util/JarProcessor;)V+99
j  com.tonicsystems.jarjar.Main.process(Ljava/io/File;Ljava/io/File;Ljava/io/File;)V+61
v  ~StubRoutines::call_stub
j  sun.reflect.NativeMethodAccessorImpl.invoke0(Ljava/lang/reflect/Method;Ljava/lang/Object;[Ljava/lang/Object;)Ljava/lang/Object;+0
j  sun.reflect.NativeMethodAccessorImpl.invoke(Ljava/lang/Object;[Ljava/lang/Object;)Ljava/lang/Object;+87
j  sun.reflect.DelegatingMethodAccessorImpl.invoke(Ljava/lang/Object;[Ljava/lang/Object;)Ljava/lang/Object;+6
j  java.lang.reflect.Method.invoke(Ljava/lang/Object;[Ljava/lang/Object;)Ljava/lang/Object;+161
j  com.tonicsystems.jarjar.MainUtil.runMain(Ljava/lang/Object;[Ljava/lang/String;Ljava/lang/String;)V+78
j  com.tonicsystems.jarjar.Main.main([Ljava/lang/String;)V+10
v  ~StubRoutines::call_stub

---------------  P R O C E S S  ---------------

Java Threads: ( => current thread )
  0x000000000183f800 JavaThread "Low Memory Detector" daemon [_thread_blocked, id=6028, stack(0x00007f70f07b3000,0x00007f70f08b4000)]
  0x000000000183a800 JavaThread "CompilerThread1" daemon [_thread_blocked, id=6027, stack(0x00007f70f08b4000,0x00007f70f09b5000)]
  0x0000000001838000 JavaThread "CompilerThread0" daemon [_thread_blocked, id=6026, stack(0x00007f70f09b5000,0x00007f70f0ab6000)]
  0x000000000182a000 JavaThread "Signal Dispatcher" daemon [_thread_blocked, id=6025, stack(0x00007f70f0ab6000,0x00007f70f0bb7000)]
  0x0000000001811800 JavaThread "Finalizer" daemon [_thread_blocked, id=6024, stack(0x00007f70f0d10000,0x00007f70f0e11000)]
  0x000000000180f800 JavaThread "Reference Handler" daemon [_thread_blocked, id=6023, stack(0x00007f70f0e11000,0x00007f70f0f12000)]
=>0x00000000017a8000 JavaThread "main" [_thread_in_native, id=6021, stack(0x00007f70f716c000,0x00007f70f726d000)]

Other Threads:
  0x0000000001808800 VMThread [stack: 0x00007f70f0f12000,0x00007f70f1013000] [id=6022]
  0x0000000001842800 WatcherThread [stack: 0x00007f70f06b2000,0x00007f70f07b3000] [id=6029]

VM state:not at safepoint (normal execution)

VM Mutex/Monitor currently owned by a thread: None

Heap
 def new generation   total 4800K, used 1266K [0x00000000d6600000, 0x00000000d6b30000, 0x00000000e0ca0000)
  eden space 4288K,  29% used [0x00000000d6600000, 0x00000000d673cab8, 0x00000000d6a30000)
  from space 512K,   0% used [0x00000000d6a30000, 0x00000000d6a30000, 0x00000000d6ab0000)
  to   space 512K,   0% used [0x00000000d6ab0000, 0x00000000d6ab0000, 0x00000000d6b30000)
 tenured generation   total 10688K, used 0K [0x00000000e0ca0000, 0x00000000e1710000, 0x00000000f5a00000)
   the space 10688K,   0% used [0x00000000e0ca0000, 0x00000000e0ca0000, 0x00000000e0ca0200, 0x00000000e1710000)
 compacting perm gen  total 21248K, used 3589K [0x00000000f5a00000, 0x00000000f6ec0000, 0x0000000100000000)
   the space 21248K,  16% used [0x00000000f5a00000, 0x00000000f5d81798, 0x00000000f5d81800, 0x00000000f6ec0000)
No shared spaces configured.

Dynamic libraries:
00400000-00409000 r-xp 00000000 08:01 1004069                            /usr/lib/jvm/java-6-openjdk/jre/bin/java
00608000-00609000 r--p 00008000 08:01 1004069                            /usr/lib/jvm/java-6-openjdk/jre/bin/java
00609000-0060a000 rw-p 00009000 08:01 1004069                            /usr/lib/jvm/java-6-openjdk/jre/bin/java
0179f000-01ac3000 rw-p 00000000 00:00 0                                  [heap]
d6600000-d6b30000 rw-p 00000000 00:00 0 
d6b30000-e0ca0000 rw-p 00000000 00:00 0 
e0ca0000-e1710000 rw-p 00000000 00:00 0 
e1710000-f5a00000 rw-p 00000000 00:00 0 
f5a00000-f6ec0000 rw-p 00000000 00:00 0 
f6ec0000-100000000 rw-p 00000000 00:00 0 
7f70f06b2000-7f70f06b3000 ---p 00000000 00:00 0 
7f70f06b3000-7f70f07b3000 rw-p 00000000 00:00 0 
7f70f07b3000-7f70f07b6000 ---p 00000000 00:00 0 
7f70f07b6000-7f70f08b4000 rw-p 00000000 00:00 0 
7f70f08b4000-7f70f08b7000 ---p 00000000 00:00 0 
7f70f08b7000-7f70f09b5000 rw-p 00000000 00:00 0 
7f70f09b5000-7f70f09b8000 ---p 00000000 00:00 0 
7f70f09b8000-7f70f0ab6000 rw-p 00000000 00:00 0 
7f70f0ab6000-7f70f0ab9000 ---p 00000000 00:00 0 
7f70f0ab9000-7f70f0bb7000 rw-p 00000000 00:00 0 
7f70f0bb7000-7f70f0bbe000 r--s 00000000 08:01 482127                     /usr/lib/gconv/gconv-modules.cache
7f70f0bbe000-7f70f0bfd000 r--p 00000000 08:01 1354562                    /usr/lib/locale/en_CA.utf8/LC_CTYPE
7f70f0bfd000-7f70f0d10000 r--p 00000000 08:01 1346425                    /usr/lib/locale/locale-archive
7f70f0d10000-7f70f0d13000 ---p 00000000 00:00 0 
7f70f0d13000-7f70f0e11000 rw-p 00000000 00:00 0 
7f70f0e11000-7f70f0e14000 ---p 00000000 00:00 0 
7f70f0e14000-7f70f0f12000 rw-p 00000000 00:00 0 
7f70f0f12000-7f70f0f13000 ---p 00000000 00:00 0 
7f70f0f13000-7f70f1013000 rw-p 00000000 00:00 0 
7f70f1013000-7f70f1015000 r--s 0001d000 08:01 386292                     /usr/lib/jvm/java-6-openjdk/jre/lib/plugin.jar
7f70f1015000-7f70f101a000 r--s 00045000 08:01 386291                     /usr/lib/jvm/java-6-openjdk/jre/lib/netx.jar
7f70f101a000-7f70f104d000 rw-p 00000000 00:00 0 
7f70f104d000-7f70f11dc000 r--s 038c2000 08:01 386312                     /usr/lib/jvm/java-6-openjdk/jre/lib/rt.jar
7f70f11dc000-7f70f120f000 rw-p 00000000 00:00 0 
7f70f120f000-7f70f1258000 rw-p 00000000 00:00 0 
7f70f1258000-7f70f125e000 rw-p 00000000 00:00 0 
7f70f125e000-7f70f12ff000 rw-p 00000000 00:00 0 
7f70f12ff000-7f70f1302000 rw-p 00000000 00:00 0 
7f70f1302000-7f70f1352000 rw-p 00000000 00:00 0 
7f70f1352000-7f70f1358000 rw-p 00000000 00:00 0 
7f70f1358000-7f70f13f9000 rw-p 00000000 00:00 0 
7f70f13f9000-7f70f1404000 rw-p 00000000 00:00 0 
7f70f1404000-7f70f144c000 rw-p 00000000 00:00 0 
7f70f144c000-7f70f144d000 rw-p 00000000 00:00 0 
7f70f144d000-7f70f16bd000 rwxp 00000000 00:00 0 
7f70f16bd000-7f70f444d000 rw-p 00000000 00:00 0 
7f70f444d000-7f70f4454000 r-xp 00000000 08:01 1398285                    /usr/lib/jvm/java-6-openjdk/jre/lib/amd64/libzip.so
7f70f4454000-7f70f4653000 ---p 00007000 08:01 1398285                    /usr/lib/jvm/java-6-openjdk/jre/lib/amd64/libzip.so
7f70f4653000-7f70f4654000 r--p 00006000 08:01 1398285                    /usr/lib/jvm/java-6-openjdk/jre/lib/amd64/libzip.so
7f70f4654000-7f70f4655000 rw-p 00007000 08:01 1398285                    /usr/lib/jvm/java-6-openjdk/jre/lib/amd64/libzip.so
7f70f4655000-7f70f4661000 r-xp 00000000 08:01 131939                     /lib/libnss_files-2.11.1.so
7f70f4661000-7f70f4860000 ---p 0000c000 08:01 131939                     /lib/libnss_files-2.11.1.so
7f70f4860000-7f70f4861000 r--p 0000b000 08:01 131939                     /lib/libnss_files-2.11.1.so
7f70f4861000-7f70f4862000 rw-p 0000c000 08:01 131939                     /lib/libnss_files-2.11.1.so
7f70f4862000-7f70f486c000 r-xp 00000000 08:01 131941                     /lib/libnss_nis-2.11.1.so
7f70f486c000-7f70f4a6b000 ---p 0000a000 08:01 131941                     /lib/libnss_nis-2.11.1.so
7f70f4a6b000-7f70f4a6c000 r--p 00009000 08:01 131941                     /lib/libnss_nis-2.11.1.so
7f70f4a6c000-7f70f4a6d000 rw-p 0000a000 08:01 131941                     /lib/libnss_nis-2.11.1.so
7f70f4a6d000-7f70f4a75000 r-xp 00000000 08:01 131937                     /lib/libnss_compat-2.11.1.so
7f70f4a75000-7f70f4c74000 ---p 00008000 08:01 131937                     /lib/libnss_compat-2.11.1.so
7f70f4c74000-7f70f4c75000 r--p 00007000 08:01 131937                     /lib/libnss_compat-2.11.1.so
7f70f4c75000-7f70f4c76000 rw-p 00008000 08:01 131937                     /lib/libnss_compat-2.11.1.so
7f70f4c76000-7f70f4c7e000 r-xp 00000000 08:01 1690006                    /usr/lib/jvm/java-6-openjdk/jre/lib/amd64/native_threads/libhpi.so
7f70f4c7e000-7f70f4e7d000 ---p 00008000 08:01 1690006                    /usr/lib/jvm/java-6-openjdk/jre/lib/amd64/native_threads/libhpi.so
7f70f4e7d000-7f70f4e7e000 r--p 00007000 08:01 1690006                    /usr/lib/jvm/java-6-openjdk/jre/lib/amd64/native_threads/libhpi.so
7f70f4e7e000-7f70f4e7f000 rw-p 00008000 08:01 1690006                    /usr/lib/jvm/java-6-openjdk/jre/lib/amd64/native_threads/libhpi.so
7f70f4e7f000-7f70f4e96000 r-xp 00000000 08:01 131936                     /lib/libnsl-2.11.1.so
7f70f4e96000-7f70f5095000 ---p 00017000 08:01 131936                     /lib/libnsl-2.11.1.so
7f70f5095000-7f70f5096000 r--p 00016000 08:01 131936                     /lib/libnsl-2.11.1.so
7f70f5096000-7f70f5097000 rw-p 00017000 08:01 131936                     /lib/libnsl-2.11.1.so
7f70f5097000-7f70f5099000 rw-p 00000000 00:00 0 
7f70f5099000-7f70f50c6000 r-xp 00000000 08:01 1398218                    /usr/lib/jvm/java-6-openjdk/jre/lib/amd64/libjava.so
7f70f50c6000-7f70f52c5000 ---p 0002d000 08:01 1398218                    /usr/lib/jvm/java-6-openjdk/jre/lib/amd64/libjava.so
7f70f52c5000-7f70f52c6000 r--p 0002c000 08:01 1398218                    /usr/lib/jvm/java-6-openjdk/jre/lib/amd64/libjava.so
7f70f52c6000-7f70f52c9000 rw-p 0002d000 08:01 1398218                    /usr/lib/jvm/java-6-openjdk/jre/lib/amd64/libjava.so
7f70f52c9000-7f70f52d8000 r-xp 00000000 08:01 1397816                    /usr/lib/jvm/java-6-openjdk/jre/lib/amd64/libverify.so
7f70f52d8000-7f70f54d7000 ---p 0000f000 08:01 1397816                    /usr/lib/jvm/java-6-openjdk/jre/lib/amd64/libverify.so
7f70f54d7000-7f70f54d9000 r--p 0000e000 08:01 1397816                    /usr/lib/jvm/java-6-openjdk/jre/lib/amd64/libverify.so
7f70f54d9000-7f70f54da000 rw-p 00010000 08:01 1397816                    /usr/lib/jvm/java-6-openjdk/jre/lib/amd64/libverify.so
7f70f54da000-7f70f54e1000 r-xp 00000000 08:01 131946                     /lib/librt-2.11.1.so
7f70f54e1000-7f70f56e0000 ---p 00007000 08:01 131946                     /lib/librt-2.11.1.so
7f70f56e0000-7f70f56e1000 r--p 00006000 08:01 131946                     /lib/librt-2.11.1.so
7f70f56e1000-7f70f56e2000 rw-p 00007000 08:01 131946                     /lib/librt-2.11.1.so
7f70f56e2000-7f70f5764000 r-xp 00000000 08:01 131934                     /lib/libm-2.11.1.so
7f70f5764000-7f70f5963000 ---p 00082000 08:01 131934                     /lib/libm-2.11.1.so
7f70f5963000-7f70f5964000 r--p 00081000 08:01 131934                     /lib/libm-2.11.1.so
7f70f5964000-7f70f5965000 rw-p 00082000 08:01 131934                     /lib/libm-2.11.1.so
7f70f5965000-7f70f61eb000 r-xp 00000000 08:01 1689903                    /usr/lib/jvm/java-6-openjdk/jre/lib/amd64/server/libjvm.so
7f70f61eb000-7f70f63ea000 ---p 00886000 08:01 1689903                    /usr/lib/jvm/java-6-openjdk/jre/lib/amd64/server/libjvm.so
7f70f63ea000-7f70f6460000 r--p 00885000 08:01 1689903                    /usr/lib/jvm/java-6-openjdk/jre/lib/amd64/server/libjvm.so
7f70f6460000-7f70f647b000 rw-p 008fb000 08:01 1689903                    /usr/lib/jvm/java-6-openjdk/jre/lib/amd64/server/libjvm.so
7f70f647b000-7f70f64b4000 rw-p 00000000 00:00 0 
7f70f64b4000-7f70f662e000 r-xp 00000000 08:01 131930                     /lib/libc-2.11.1.so
7f70f662e000-7f70f682d000 ---p 0017a000 08:01 131930                     /lib/libc-2.11.1.so
7f70f682d000-7f70f6831000 r--p 00179000 08:01 131930                     /lib/libc-2.11.1.so
7f70f6831000-7f70f6832000 rw-p 0017d000 08:01 131930                     /lib/libc-2.11.1.so
7f70f6832000-7f70f6837000 rw-p 00000000 00:00 0 
7f70f6837000-7f70f6839000 r-xp 00000000 08:01 131933                     /lib/libdl-2.11.1.so
7f70f6839000-7f70f6a39000 ---p 00002000 08:01 131933                     /lib/libdl-2.11.1.so
7f70f6a39000-7f70f6a3a000 r--p 00002000 08:01 131933                     /lib/libdl-2.11.1.so
7f70f6a3a000-7f70f6a3b000 rw-p 00003000 08:01 131933                     /lib/libdl-2.11.1.so
7f70f6a3b000-7f70f6a3f000 r-xp 00000000 08:01 1689901                    /usr/lib/jvm/java-6-openjdk/jre/lib/amd64/jli/libjli.so
7f70f6a3f000-7f70f6c3e000 ---p 00004000 08:01 1689901                    /usr/lib/jvm/java-6-openjdk/jre/lib/amd64/jli/libjli.so
7f70f6c3e000-7f70f6c3f000 r--p 00003000 08:01 1689901                    /usr/lib/jvm/java-6-openjdk/jre/lib/amd64/jli/libjli.so
7f70f6c3f000-7f70f6c40000 rw-p 00004000 08:01 1689901                    /usr/lib/jvm/java-6-openjdk/jre/lib/amd64/jli/libjli.so
7f70f6c40000-7f70f6c58000 r-xp 00000000 08:01 131944                     /lib/libpthread-2.11.1.so
7f70f6c58000-7f70f6e57000 ---p 00018000 08:01 131944                     /lib/libpthread-2.11.1.so
7f70f6e57000-7f70f6e58000 r--p 00017000 08:01 131944                     /lib/libpthread-2.11.1.so
7f70f6e58000-7f70f6e59000 rw-p 00018000 08:01 131944                     /lib/libpthread-2.11.1.so
7f70f6e59000-7f70f6e5d000 rw-p 00000000 00:00 0 
7f70f6e5d000-7f70f6e73000 r-xp 00000000 08:01 262374                     /lib/libz.so.1.2.3.3
7f70f6e73000-7f70f7072000 ---p 00016000 08:01 262374                     /lib/libz.so.1.2.3.3
7f70f7072000-7f70f7073000 r--p 00015000 08:01 262374                     /lib/libz.so.1.2.3.3
7f70f7073000-7f70f7074000 rw-p 00016000 08:01 262374                     /lib/libz.so.1.2.3.3
7f70f7074000-7f70f7094000 r-xp 00000000 08:01 131927                     /lib/ld-2.11.1.so
7f70f70a3000-7f70f70a8000 r--s 00042000 08:01 694226                     /home/zhuowei/Documents/winprogress/mine/mineclassic/mccp/input/minecraft.jar
7f70f70a8000-7f70f70ac000 r--s 0007c000 08:01 386287                     /usr/lib/jvm/java-6-openjdk/jre/lib/jsse.jar
7f70f70ac000-7f70f70b6000 rw-p 00000000 00:00 0 
7f70f70b6000-7f70f716c000 rw-p 00000000 00:00 0 
7f70f716c000-7f70f716f000 ---p 00000000 00:00 0 
7f70f716f000-7f70f7272000 rw-p 00000000 00:00 0 
7f70f7275000-7f70f7278000 r--s 00019000 08:01 1093843                    /home/zhuowei/Documents/winprogress/mine/mineclassic/mccp/bin/jarjar-1.1.jar
7f70f7278000-7f70f7281000 r--s 00065000 08:01 1395506                    /usr/share/java/gnome-java-bridge.jar
7f70f7281000-7f70f7284000 r--s 0000f000 08:01 482516                     /usr/lib/jvm/java-6-openjdk/jre/lib/ext/pulse-java.jar
7f70f7284000-7f70f7287000 r--s 00019000 08:01 1093843                    /home/zhuowei/Documents/winprogress/mine/mineclassic/mccp/bin/jarjar-1.1.jar
7f70f7287000-7f70f728f000 rw-s 00000000 08:01 1093793                    /tmp/hsperfdata_zhuowei/6020
7f70f728f000-7f70f7290000 rw-p 00000000 00:00 0 
7f70f7290000-7f70f7291000 r--p 00000000 00:00 0 
7f70f7291000-7f70f7293000 rw-p 00000000 00:00 0 
7f70f7293000-7f70f7294000 r--p 0001f000 08:01 131927                     /lib/ld-2.11.1.so
7f70f7294000-7f70f7295000 rw-p 00020000 08:01 131927                     /lib/ld-2.11.1.so
7f70f7295000-7f70f7296000 rw-p 00000000 00:00 0 
7fff63914000-7fff63949000 rw-p 00000000 00:00 0                          [stack]
7fff63990000-7fff63991000 r-xp 00000000 00:00 0                          [vdso]
ffffffffff600000-ffffffffff601000 r-xp 00000000 00:00 0                  [vsyscall]

VM Arguments:
java_command: jarjar-1.1.jar process ../configs/jarjardecomp.rules ../input/../input/minecraft.jar ../output/../input/minecraft.jar
Launcher Type: SUN_STANDARD

Environment Variables:
PATH=/home/zhuowei/Documents/winprogress/alchemy-ubuntu-v0.5a/bin:/home/zhuowei/bin:/usr/local/sbin:/usr/local/bin:/usr/sbin:/usr/bin:/sbin:/bin:/usr/games:/home/zhuowei/bin/flex_sdk_4.5.0.17689/bin:/home/zhuowei/Documents/winprogress/AdobeAIRSDK/bin/:/home/zhuowei/bin/flex_sdk_4.5.0.20967/bin/
USERNAME=zhuowei
LD_LIBRARY_PATH=/usr/lib/jvm/java-6-openjdk/jre/lib/amd64/server:/usr/lib/jvm/java-6-openjdk/jre/lib/amd64:/usr/lib/jvm/java-6-openjdk/jre/../lib/amd64
SHELL=/bin/bash
DISPLAY=:0.0

Signal Handlers:
SIGSEGV: [libjvm.so+0x724020], sa_mask[0]=0x7ffbfeff, sa_flags=0x10000004
SIGBUS: [libjvm.so+0x724020], sa_mask[0]=0x7ffbfeff, sa_flags=0x10000004
SIGFPE: [libjvm.so+0x5e0850], sa_mask[0]=0x7ffbfeff, sa_flags=0x10000004
SIGPIPE: [libjvm.so+0x5e0850], sa_mask[0]=0x7ffbfeff, sa_flags=0x10000004
SIGXFSZ: [libjvm.so+0x5e0850], sa_mask[0]=0x7ffbfeff, sa_flags=0x10000004
SIGILL: [libjvm.so+0x5e0850], sa_mask[0]=0x7ffbfeff, sa_flags=0x10000004
SIGUSR1: SIG_DFL, sa_mask[0]=0x00000000, sa_flags=0x00000000
SIGUSR2: [libjvm.so+0x5dff60], sa_mask[0]=0x00000000, sa_flags=0x10000004
SIGHUP: [libjvm.so+0x5e29d0], sa_mask[0]=0x7ffbfeff, sa_flags=0x10000004
SIGINT: [libjvm.so+0x5e29d0], sa_mask[0]=0x7ffbfeff, sa_flags=0x10000004
SIGTERM: [libjvm.so+0x5e29d0], sa_mask[0]=0x7ffbfeff, sa_flags=0x10000004
SIGQUIT: [libjvm.so+0x5e29d0], sa_mask[0]=0x7ffbfeff, sa_flags=0x10000004


---------------  S Y S T E M  ---------------

OS:Ubuntu 10.04 (lucid)
uname:Linux 2.6.32-34-generic #77-Ubuntu SMP Tue Sep 13 19:39:17 UTC 2011 x86_64
libc:glibc 2.11.1 NPTL 2.11.1 
rlimit: STACK 8192k, CORE 0k, NPROC infinity, NOFILE 1024, AS infinity
load average:1.69 1.26 1.20

/proc/meminfo:
MemTotal:        1023796 kB
MemFree:           65524 kB
Buffers:            9164 kB
Cached:           213804 kB
SwapCached:        67284 kB
Active:           260412 kB
Inactive:         594592 kB
Active(anon):     198112 kB
Inactive(anon):   437136 kB
Active(file):      62300 kB
Inactive(file):   157456 kB
Unevictable:           0 kB
Mlocked:               0 kB
SwapTotal:       2048248 kB
SwapFree:        1527376 kB
Dirty:                68 kB
Writeback:             0 kB
AnonPages:        588384 kB
Mapped:            52876 kB
Shmem:              3212 kB
Slab:              29076 kB
SReclaimable:      11052 kB
SUnreclaim:        18024 kB
KernelStack:        2352 kB
PageTables:        24244 kB
NFS_Unstable:          0 kB
Bounce:                0 kB
WritebackTmp:          0 kB
CommitLimit:     2560144 kB
Committed_AS:    1858008 kB
VmallocTotal:   34359738367 kB
VmallocUsed:      305512 kB
VmallocChunk:   34359414780 kB
HardwareCorrupted:     0 kB
HugePages_Total:       0
HugePages_Free:        0
HugePages_Rsvd:        0
HugePages_Surp:        0
Hugepagesize:       2048 kB
DirectMap4k:       12224 kB
DirectMap2M:     1036288 kB


CPU:total 1 (1 cores per cpu, 1 threads per core) family 15 model 47 stepping 2, cmov, cx8, fxsr, mmx, sse, sse2, sse3, mmxext, 3dnow, 3dnowext

Memory: 4k page, physical 1023796k(65524k free), swap 2048248k(1527376k free)

vm_info: OpenJDK 64-Bit Server VM (19.0-b09) for linux-amd64 JRE (1.6.0_20-b20), built on Jul 22 2011 01:26:54 by "buildd" with gcc 4.4.3

time: Thu Oct 27 22:26:29 2011
elapsed time: 0 seconds

