#
# A fatal error has been detected by the Java Runtime Environment:
#
#  SIGBUS (0x7) at pc=0x00007f5b9716e442, pid=6030, tid=140031401957120
#
# JRE version: 6.0_20-b20
# Java VM: OpenJDK 64-Bit Server VM (19.0-b09 mixed mode linux-amd64 compressed oops)
# Derivative: IcedTea6 1.9.9
# Distribution: Ubuntu 10.04.1 LTS, package 6b20-1.9.9-0ubuntu1~10.04.2
# Problematic frame:
# C  [libzip.so+0x4442]
#
# If you would like to submit a bug report, please include
# instructions how to reproduce the bug and visit:
#   https://bugs.launchpad.net/ubuntu/+source/openjdk-6/
# The crash happened outside the Java Virtual Machine in native code.
# See problematic frame for where to report the bug.
#

---------------  T H R E A D  ---------------

Current thread (0x0000000001b96000):  JavaThread "main" [_thread_in_native, id=6031, stack(0x00007f5b99e89000,0x00007f5b99f8a000)]

siginfo:si_signo=SIGBUS: si_errno=0, si_code=2 (BUS_ADRERR), si_addr=0x00007f5b99db4130

Registers:
RAX=0x00007f5b8c01ae00, RBX=0x00007f5b99db4113, RCX=0x00007f5b8c000000, RDX=0x00007f5b8c000020
RSP=0x00007f5b99f87dd0, RBP=0x00007f5b99f87e10, RSI=0x0000000000000040, RDI=0x00007f5b8c000020
R8 =0xc300007f5b94177f, R9 =0x00007f5b8c000040, R10=0x00007f5b9417ac5b, R11=0x00007f5b98cdd8a0
R12=0x00007f5b8c01ae00, R13=0x00007f5b8c01a310, R14=0x00007f5b99f87ed8, R15=0x00007f5b8c01ae00
RIP=0x00007f5b9716e442, EFL=0x0000000000010202, CSGSFS=0x0000000000000033, ERR=0x0000000000000004
  TRAPNO=0x000000000000000e

Register to memory mapping:

RAX=0x00007f5b8c01ae00
0x00007f5b8c01ae00 is pointing to unknown location

RBX=0x00007f5b99db4113
0x00007f5b99db4113 is pointing to unknown location

RCX=0x00007f5b8c000000
0x00007f5b8c000000 is pointing to unknown location

RDX=0x00007f5b8c000020
0x00007f5b8c000020 is pointing to unknown location

RSP=0x00007f5b99f87dd0
0x00007f5b99f87dd0 is pointing into the stack for thread: 0x0000000001b96000
"main" prio=10 tid=0x0000000001b96000 nid=0x178f runnable [0x00007f5b99f87000]
   java.lang.Thread.State: RUNNABLE

RBP=0x00007f5b99f87e10
0x00007f5b99f87e10 is pointing into the stack for thread: 0x0000000001b96000
"main" prio=10 tid=0x0000000001b96000 nid=0x178f runnable [0x00007f5b99f87000]
   java.lang.Thread.State: RUNNABLE

RSI=0x0000000000000040
0x0000000000000040 is pointing to unknown location

RDI=0x00007f5b8c000020
0x00007f5b8c000020 is pointing to unknown location

R8 =0xc300007f5b94177f
0xc300007f5b94177f is pointing to unknown location

R9 =0x00007f5b8c000040
0x00007f5b8c000040 is pointing to unknown location

R10=0x00007f5b9417ac5b
method entry point (kind = native)  [0x00007f5b9417aa00, 0x00007f5b9417b220]  2080 bytes

R11=0x00007f5b98cdd8a0
0x00007f5b98cdd8a0: <offset 0x65b8a0> in /usr/lib/jvm/java-6-openjdk/jre/lib/amd64/server/libjvm.so at 0x00007f5b98682000

R12=0x00007f5b8c01ae00
0x00007f5b8c01ae00 is pointing to unknown location

R13=0x00007f5b8c01a310
0x00007f5b8c01a310 is pointing to unknown location

R14=0x00007f5b99f87ed8
0x00007f5b99f87ed8 is pointing into the stack for thread: 0x0000000001b96000
"main" prio=10 tid=0x0000000001b96000 nid=0x178f runnable [0x00007f5b99f87000]
   java.lang.Thread.State: RUNNABLE

R15=0x00007f5b8c01ae00
0x00007f5b8c01ae00 is pointing to unknown location


Top of Stack: (sp=0x00007f5b99f87dd0)
0x00007f5b99f87dd0:   00007f5b8c01af50 00007f5b98c3b821
0x00007f5b99f87de0:   00007f5b8c01a310 00007f5b8c01a310
0x00007f5b99f87df0:   0000000000000000 00000000f5c45200
0x00007f5b99f87e00:   00007f5b99f87ed8 0000000001b96000
0x00007f5b99f87e10:   00007f5b99f87e40 00007f5b9716e6ac
0x00007f5b99f87e20:   00007f5b99f87ed8 0000000000000000
0x00007f5b99f87e30:   00007f5b99f87ea8 00000000f5c45200
0x00007f5b99f87e40:   00007f5b99f87ea8 00007f5b9417ac88
0x00007f5b99f87e50:   00007f5bfffffffe 00007f5b00000000
0x00007f5b99f87e60:   0000000001b96000 00007f5b99f87e68
0x00007f5b99f87e70:   00000000f5c45200 00007f5b99f87ed8
0x00007f5b99f87e80:   00000000f5c46ff8 0000000000000000
0x00007f5b99f87e90:   00000000f5c45200 0000000000000000
0x00007f5b99f87ea0:   00007f5b99f87ec8 00007f5b99f87f20
0x00007f5b99f87eb0:   00007f5b9416f929 00000000f5c46b30
0x00007f5b99f87ec0:   00007f5b94177f37 0000000000000000
0x00007f5b99f87ed0:   00007f5b8c01a310 00007f5b99f87f30
0x00007f5b99f87ee0:   00007f5b99f87ee0 00000000f5c45fda
0x00007f5b99f87ef0:   00007f5b99f87f40 00000000f5c46ff8
0x00007f5b99f87f00:   0000000000000000 00000000f5c46000
0x00007f5b99f87f10:   00007f5b99f87ec8 00007f5b99f87f30
0x00007f5b99f87f20:   00007f5b99f87f98 00007f5b9416f929
0x00007f5b99f87f30:   0000000000000000 00007f5b8c01a310
0x00007f5b99f87f40:   00000000d6724a70 0000000000000001
0x00007f5b99f87f50:   00000000d6724a70 00007f5b99f87f48
0x00007f5b99f87f60:   00000000f5d80426 00007f5b99f87fd0
0x00007f5b99f87f70:   00000000f5d80988 0000000000000000
0x00007f5b99f87f80:   00000000f5d80520 00007f5b99f87f30
0x00007f5b99f87f90:   00007f5b99f87fd0 00007f5b99f88018
0x00007f5b99f87fa0:   00007f5b9416f9b3 0000000000000000
0x00007f5b99f87fb0:   0000000000000000 0000000000000000
0x00007f5b99f87fc0:   0000000000000000 00000000d6724a70 

Instructions: (pc=0x00007f5b9716e442)
0x00007f5b9716e432:   28 00 00 00 00 8b 5b 04 49 2b 5d 28 49 03 5d 18
0x00007f5b9716e442:   44 0f b6 73 1d 0f b6 43 1c 41 c1 e6 08 41 09 c6 

Stack: [0x00007f5b99e89000,0x00007f5b99f8a000],  sp=0x00007f5b99f87dd0,  free space=1019k
Native frames: (J=compiled Java code, j=interpreted, Vv=VM code, C=native code)
C  [libzip.so+0x4442]
C  [libzip.so+0x46ac]  ZIP_GetNextEntry+0x4c
j  java.util.zip.ZipFile.getNextEntry(JI)J+0
j  java.util.zip.ZipFile.access$400(JI)J+2
j  java.util.zip.ZipFile$2.nextElement()Ljava/util/zip/ZipEntry;+54
j  java.util.zip.ZipFile$2.nextElement()Ljava/lang/Object;+1
j  java.util.jar.JarFile$1.nextElement()Ljava/util/jar/JarFile$JarFileEntry;+4
j  java.util.jar.JarFile$1.nextElement()Ljava/lang/Object;+1
j  com.tonicsystems.jarjar.ext_util.StandaloneJarProcessor.run(Ljava/io/File;Ljava/io/File;Lcom/tonicsystems/jarjar/ext_util/JarProcessor;)V+99
j  com.tonicsystems.jarjar.Main.process(Ljava/io/File;Ljava/io/File;Ljava/io/File;)V+61
v  ~StubRoutines::call_stub
V  [libjvm.so+0x431918]
V  [libjvm.so+0x4307b8]
V  [libjvm.so+0x644b4f]
V  [libjvm.so+0x645999]
V  [libjvm.so+0x4840b1]
j  sun.reflect.NativeMethodAccessorImpl.invoke0(Ljava/lang/reflect/Method;Ljava/lang/Object;[Ljava/lang/Object;)Ljava/lang/Object;+0
j  sun.reflect.NativeMethodAccessorImpl.invoke(Ljava/lang/Object;[Ljava/lang/Object;)Ljava/lang/Object;+87
j  sun.reflect.DelegatingMethodAccessorImpl.invoke(Ljava/lang/Object;[Ljava/lang/Object;)Ljava/lang/Object;+6
j  java.lang.reflect.Method.invoke(Ljava/lang/Object;[Ljava/lang/Object;)Ljava/lang/Object;+161
j  com.tonicsystems.jarjar.MainUtil.runMain(Ljava/lang/Object;[Ljava/lang/String;Ljava/lang/String;)V+78
j  com.tonicsystems.jarjar.Main.main([Ljava/lang/String;)V+10
v  ~StubRoutines::call_stub
V  [libjvm.so+0x431918]
V  [libjvm.so+0x4307b8]
V  [libjvm.so+0x43d043]
V  [libjvm.so+0x44afc1]
C  [java+0x37c5]  JavaMain+0xd75

Java frames: (J=compiled Java code, j=interpreted, Vv=VM code)
j  java.util.zip.ZipFile.getNextEntry(JI)J+0
j  java.util.zip.ZipFile.access$400(JI)J+2
j  java.util.zip.ZipFile$2.nextElement()Ljava/util/zip/ZipEntry;+54
j  java.util.zip.ZipFile$2.nextElement()Ljava/lang/Object;+1
j  java.util.jar.JarFile$1.nextElement()Ljava/util/jar/JarFile$JarFileEntry;+4
j  java.util.jar.JarFile$1.nextElement()Ljava/lang/Object;+1
j  com.tonicsystems.jarjar.ext_util.StandaloneJarProcessor.run(Ljava/io/File;Ljava/io/File;Lcom/tonicsystems/jarjar/ext_util/JarProcessor;)V+99
j  com.tonicsystems.jarjar.Main.process(Ljava/io/File;Ljava/io/File;Ljava/io/File;)V+61
v  ~StubRoutines::call_stub
j  sun.reflect.NativeMethodAccessorImpl.invoke0(Ljava/lang/reflect/Method;Ljava/lang/Object;[Ljava/lang/Object;)Ljava/lang/Object;+0
j  sun.reflect.NativeMethodAccessorImpl.invoke(Ljava/lang/Object;[Ljava/lang/Object;)Ljava/lang/Object;+87
j  sun.reflect.DelegatingMethodAccessorImpl.invoke(Ljava/lang/Object;[Ljava/lang/Object;)Ljava/lang/Object;+6
j  java.lang.reflect.Method.invoke(Ljava/lang/Object;[Ljava/lang/Object;)Ljava/lang/Object;+161
j  com.tonicsystems.jarjar.MainUtil.runMain(Ljava/lang/Object;[Ljava/lang/String;Ljava/lang/String;)V+78
j  com.tonicsystems.jarjar.Main.main([Ljava/lang/String;)V+10
v  ~StubRoutines::call_stub

---------------  P R O C E S S  ---------------

Java Threads: ( => current thread )
  0x0000000001c2d800 JavaThread "Low Memory Detector" daemon [_thread_blocked, id=6038, stack(0x00007f5b934d0000,0x00007f5b935d1000)]
  0x0000000001c28800 JavaThread "CompilerThread1" daemon [_thread_blocked, id=6037, stack(0x00007f5b935d1000,0x00007f5b936d2000)]
  0x0000000001c26000 JavaThread "CompilerThread0" daemon [_thread_blocked, id=6036, stack(0x00007f5b936d2000,0x00007f5b937d3000)]
  0x0000000001c24800 JavaThread "Signal Dispatcher" daemon [_thread_blocked, id=6035, stack(0x00007f5b937d3000,0x00007f5b938d4000)]
  0x0000000001bff800 JavaThread "Finalizer" daemon [_thread_blocked, id=6034, stack(0x00007f5b93a2d000,0x00007f5b93b2e000)]
  0x0000000001bfd800 JavaThread "Reference Handler" daemon [_thread_blocked, id=6033, stack(0x00007f5b93b2e000,0x00007f5b93c2f000)]
=>0x0000000001b96000 JavaThread "main" [_thread_in_native, id=6031, stack(0x00007f5b99e89000,0x00007f5b99f8a000)]

Other Threads:
  0x0000000001bf6800 VMThread [stack: 0x00007f5b93c2f000,0x00007f5b93d30000] [id=6032]
  0x0000000001c30800 WatcherThread [stack: 0x00007f5b933cf000,0x00007f5b934d0000] [id=6039]

VM state:not at safepoint (normal execution)

VM Mutex/Monitor currently owned by a thread: None

Heap
 def new generation   total 4800K, used 1266K [0x00000000d6600000, 0x00000000d6b30000, 0x00000000e0ca0000)
  eden space 4288K,  29% used [0x00000000d6600000, 0x00000000d673ca98, 0x00000000d6a30000)
  from space 512K,   0% used [0x00000000d6a30000, 0x00000000d6a30000, 0x00000000d6ab0000)
  to   space 512K,   0% used [0x00000000d6ab0000, 0x00000000d6ab0000, 0x00000000d6b30000)
 tenured generation   total 10688K, used 0K [0x00000000e0ca0000, 0x00000000e1710000, 0x00000000f5a00000)
   the space 10688K,   0% used [0x00000000e0ca0000, 0x00000000e0ca0000, 0x00000000e0ca0200, 0x00000000e1710000)
 compacting perm gen  total 21248K, used 3589K [0x00000000f5a00000, 0x00000000f6ec0000, 0x0000000100000000)
   the space 21248K,  16% used [0x00000000f5a00000, 0x00000000f5d81798, 0x00000000f5d81800, 0x00000000f6ec0000)
No shared spaces configured.

Dynamic libraries:
00400000-00409000 r-xp 00000000 08:01 1004069                            /usr/lib/jvm/java-6-openjdk/jre/bin/java
00608000-00609000 r--p 00008000 08:01 1004069                            /usr/lib/jvm/java-6-openjdk/jre/bin/java
00609000-0060a000 rw-p 00009000 08:01 1004069                            /usr/lib/jvm/java-6-openjdk/jre/bin/java
01b8d000-01e76000 rw-p 00000000 00:00 0                                  [heap]
d6600000-d6b30000 rw-p 00000000 00:00 0 
d6b30000-e0ca0000 rw-p 00000000 00:00 0 
e0ca0000-e1710000 rw-p 00000000 00:00 0 
e1710000-f5a00000 rw-p 00000000 00:00 0 
f5a00000-f6ec0000 rw-p 00000000 00:00 0 
f6ec0000-100000000 rw-p 00000000 00:00 0 
7f5b8c000000-7f5b8c05e000 rw-p 00000000 00:00 0 
7f5b8c05e000-7f5b90000000 ---p 00000000 00:00 0 
7f5b933cf000-7f5b933d0000 ---p 00000000 00:00 0 
7f5b933d0000-7f5b934d0000 rw-p 00000000 00:00 0 
7f5b934d0000-7f5b934d3000 ---p 00000000 00:00 0 
7f5b934d3000-7f5b935d1000 rw-p 00000000 00:00 0 
7f5b935d1000-7f5b935d4000 ---p 00000000 00:00 0 
7f5b935d4000-7f5b936d2000 rw-p 00000000 00:00 0 
7f5b936d2000-7f5b936d5000 ---p 00000000 00:00 0 
7f5b936d5000-7f5b937d3000 rw-p 00000000 00:00 0 
7f5b937d3000-7f5b937d6000 ---p 00000000 00:00 0 
7f5b937d6000-7f5b938d4000 rw-p 00000000 00:00 0 
7f5b938d4000-7f5b938db000 r--s 00000000 08:01 482127                     /usr/lib/gconv/gconv-modules.cache
7f5b938db000-7f5b9391a000 r--p 00000000 08:01 1354562                    /usr/lib/locale/en_CA.utf8/LC_CTYPE
7f5b9391a000-7f5b93a2d000 r--p 00000000 08:01 1346425                    /usr/lib/locale/locale-archive
7f5b93a2d000-7f5b93a30000 ---p 00000000 00:00 0 
7f5b93a30000-7f5b93b2e000 rw-p 00000000 00:00 0 
7f5b93b2e000-7f5b93b31000 ---p 00000000 00:00 0 
7f5b93b31000-7f5b93c2f000 rw-p 00000000 00:00 0 
7f5b93c2f000-7f5b93c30000 ---p 00000000 00:00 0 
7f5b93c30000-7f5b93d30000 rw-p 00000000 00:00 0 
7f5b93d30000-7f5b93d32000 r--s 0001d000 08:01 386292                     /usr/lib/jvm/java-6-openjdk/jre/lib/plugin.jar
7f5b93d32000-7f5b93d37000 r--s 00045000 08:01 386291                     /usr/lib/jvm/java-6-openjdk/jre/lib/netx.jar
7f5b93d37000-7f5b93d6a000 rw-p 00000000 00:00 0 
7f5b93d6a000-7f5b93ef9000 r--s 038c2000 08:01 386312                     /usr/lib/jvm/java-6-openjdk/jre/lib/rt.jar
7f5b93ef9000-7f5b93f2c000 rw-p 00000000 00:00 0 
7f5b93f2c000-7f5b93f75000 rw-p 00000000 00:00 0 
7f5b93f75000-7f5b93f7b000 rw-p 00000000 00:00 0 
7f5b93f7b000-7f5b9401c000 rw-p 00000000 00:00 0 
7f5b9401c000-7f5b9401f000 rw-p 00000000 00:00 0 
7f5b9401f000-7f5b9406f000 rw-p 00000000 00:00 0 
7f5b9406f000-7f5b94075000 rw-p 00000000 00:00 0 
7f5b94075000-7f5b94116000 rw-p 00000000 00:00 0 
7f5b94116000-7f5b94121000 rw-p 00000000 00:00 0 
7f5b94121000-7f5b94169000 rw-p 00000000 00:00 0 
7f5b94169000-7f5b9416a000 rw-p 00000000 00:00 0 
7f5b9416a000-7f5b943da000 rwxp 00000000 00:00 0 
7f5b943da000-7f5b9716a000 rw-p 00000000 00:00 0 
7f5b9716a000-7f5b97171000 r-xp 00000000 08:01 1398285                    /usr/lib/jvm/java-6-openjdk/jre/lib/amd64/libzip.so
7f5b97171000-7f5b97370000 ---p 00007000 08:01 1398285                    /usr/lib/jvm/java-6-openjdk/jre/lib/amd64/libzip.so
7f5b97370000-7f5b97371000 r--p 00006000 08:01 1398285                    /usr/lib/jvm/java-6-openjdk/jre/lib/amd64/libzip.so
7f5b97371000-7f5b97372000 rw-p 00007000 08:01 1398285                    /usr/lib/jvm/java-6-openjdk/jre/lib/amd64/libzip.so
7f5b97372000-7f5b9737e000 r-xp 00000000 08:01 131939                     /lib/libnss_files-2.11.1.so
7f5b9737e000-7f5b9757d000 ---p 0000c000 08:01 131939                     /lib/libnss_files-2.11.1.so
7f5b9757d000-7f5b9757e000 r--p 0000b000 08:01 131939                     /lib/libnss_files-2.11.1.so
7f5b9757e000-7f5b9757f000 rw-p 0000c000 08:01 131939                     /lib/libnss_files-2.11.1.so
7f5b9757f000-7f5b97589000 r-xp 00000000 08:01 131941                     /lib/libnss_nis-2.11.1.so
7f5b97589000-7f5b97788000 ---p 0000a000 08:01 131941                     /lib/libnss_nis-2.11.1.so
7f5b97788000-7f5b97789000 r--p 00009000 08:01 131941                     /lib/libnss_nis-2.11.1.so
7f5b97789000-7f5b9778a000 rw-p 0000a000 08:01 131941                     /lib/libnss_nis-2.11.1.so
7f5b9778a000-7f5b97792000 r-xp 00000000 08:01 131937                     /lib/libnss_compat-2.11.1.so
7f5b97792000-7f5b97991000 ---p 00008000 08:01 131937                     /lib/libnss_compat-2.11.1.so
7f5b97991000-7f5b97992000 r--p 00007000 08:01 131937                     /lib/libnss_compat-2.11.1.so
7f5b97992000-7f5b97993000 rw-p 00008000 08:01 131937                     /lib/libnss_compat-2.11.1.so
7f5b97993000-7f5b9799b000 r-xp 00000000 08:01 1690006                    /usr/lib/jvm/java-6-openjdk/jre/lib/amd64/native_threads/libhpi.so
7f5b9799b000-7f5b97b9a000 ---p 00008000 08:01 1690006                    /usr/lib/jvm/java-6-openjdk/jre/lib/amd64/native_threads/libhpi.so
7f5b97b9a000-7f5b97b9b000 r--p 00007000 08:01 1690006                    /usr/lib/jvm/java-6-openjdk/jre/lib/amd64/native_threads/libhpi.so
7f5b97b9b000-7f5b97b9c000 rw-p 00008000 08:01 1690006                    /usr/lib/jvm/java-6-openjdk/jre/lib/amd64/native_threads/libhpi.so
7f5b97b9c000-7f5b97bb3000 r-xp 00000000 08:01 131936                     /lib/libnsl-2.11.1.so
7f5b97bb3000-7f5b97db2000 ---p 00017000 08:01 131936                     /lib/libnsl-2.11.1.so
7f5b97db2000-7f5b97db3000 r--p 00016000 08:01 131936                     /lib/libnsl-2.11.1.so
7f5b97db3000-7f5b97db4000 rw-p 00017000 08:01 131936                     /lib/libnsl-2.11.1.so
7f5b97db4000-7f5b97db6000 rw-p 00000000 00:00 0 
7f5b97db6000-7f5b97de3000 r-xp 00000000 08:01 1398218                    /usr/lib/jvm/java-6-openjdk/jre/lib/amd64/libjava.so
7f5b97de3000-7f5b97fe2000 ---p 0002d000 08:01 1398218                    /usr/lib/jvm/java-6-openjdk/jre/lib/amd64/libjava.so
7f5b97fe2000-7f5b97fe3000 r--p 0002c000 08:01 1398218                    /usr/lib/jvm/java-6-openjdk/jre/lib/amd64/libjava.so
7f5b97fe3000-7f5b97fe6000 rw-p 0002d000 08:01 1398218                    /usr/lib/jvm/java-6-openjdk/jre/lib/amd64/libjava.so
7f5b97fe6000-7f5b97ff5000 r-xp 00000000 08:01 1397816                    /usr/lib/jvm/java-6-openjdk/jre/lib/amd64/libverify.so
7f5b97ff5000-7f5b981f4000 ---p 0000f000 08:01 1397816                    /usr/lib/jvm/java-6-openjdk/jre/lib/amd64/libverify.so
7f5b981f4000-7f5b981f6000 r--p 0000e000 08:01 1397816                    /usr/lib/jvm/java-6-openjdk/jre/lib/amd64/libverify.so
7f5b981f6000-7f5b981f7000 rw-p 00010000 08:01 1397816                    /usr/lib/jvm/java-6-openjdk/jre/lib/amd64/libverify.so
7f5b981f7000-7f5b981fe000 r-xp 00000000 08:01 131946                     /lib/librt-2.11.1.so
7f5b981fe000-7f5b983fd000 ---p 00007000 08:01 131946                     /lib/librt-2.11.1.so
7f5b983fd000-7f5b983fe000 r--p 00006000 08:01 131946                     /lib/librt-2.11.1.so
7f5b983fe000-7f5b983ff000 rw-p 00007000 08:01 131946                     /lib/librt-2.11.1.so
7f5b983ff000-7f5b98481000 r-xp 00000000 08:01 131934                     /lib/libm-2.11.1.so
7f5b98481000-7f5b98680000 ---p 00082000 08:01 131934                     /lib/libm-2.11.1.so
7f5b98680000-7f5b98681000 r--p 00081000 08:01 131934                     /lib/libm-2.11.1.so
7f5b98681000-7f5b98682000 rw-p 00082000 08:01 131934                     /lib/libm-2.11.1.so
7f5b98682000-7f5b98f08000 r-xp 00000000 08:01 1689903                    /usr/lib/jvm/java-6-openjdk/jre/lib/amd64/server/libjvm.so
7f5b98f08000-7f5b99107000 ---p 00886000 08:01 1689903                    /usr/lib/jvm/java-6-openjdk/jre/lib/amd64/server/libjvm.so
7f5b99107000-7f5b9917d000 r--p 00885000 08:01 1689903                    /usr/lib/jvm/java-6-openjdk/jre/lib/amd64/server/libjvm.so
7f5b9917d000-7f5b99198000 rw-p 008fb000 08:01 1689903                    /usr/lib/jvm/java-6-openjdk/jre/lib/amd64/server/libjvm.so
7f5b99198000-7f5b991d1000 rw-p 00000000 00:00 0 
7f5b991d1000-7f5b9934b000 r-xp 00000000 08:01 131930                     /lib/libc-2.11.1.so
7f5b9934b000-7f5b9954a000 ---p 0017a000 08:01 131930                     /lib/libc-2.11.1.so
7f5b9954a000-7f5b9954e000 r--p 00179000 08:01 131930                     /lib/libc-2.11.1.so
7f5b9954e000-7f5b9954f000 rw-p 0017d000 08:01 131930                     /lib/libc-2.11.1.so
7f5b9954f000-7f5b99554000 rw-p 00000000 00:00 0 
7f5b99554000-7f5b99556000 r-xp 00000000 08:01 131933                     /lib/libdl-2.11.1.so
7f5b99556000-7f5b99756000 ---p 00002000 08:01 131933                     /lib/libdl-2.11.1.so
7f5b99756000-7f5b99757000 r--p 00002000 08:01 131933                     /lib/libdl-2.11.1.so
7f5b99757000-7f5b99758000 rw-p 00003000 08:01 131933                     /lib/libdl-2.11.1.so
7f5b99758000-7f5b9975c000 r-xp 00000000 08:01 1689901                    /usr/lib/jvm/java-6-openjdk/jre/lib/amd64/jli/libjli.so
7f5b9975c000-7f5b9995b000 ---p 00004000 08:01 1689901                    /usr/lib/jvm/java-6-openjdk/jre/lib/amd64/jli/libjli.so
7f5b9995b000-7f5b9995c000 r--p 00003000 08:01 1689901                    /usr/lib/jvm/java-6-openjdk/jre/lib/amd64/jli/libjli.so
7f5b9995c000-7f5b9995d000 rw-p 00004000 08:01 1689901                    /usr/lib/jvm/java-6-openjdk/jre/lib/amd64/jli/libjli.so
7f5b9995d000-7f5b99975000 r-xp 00000000 08:01 131944                     /lib/libpthread-2.11.1.so
7f5b99975000-7f5b99b74000 ---p 00018000 08:01 131944                     /lib/libpthread-2.11.1.so
7f5b99b74000-7f5b99b75000 r--p 00017000 08:01 131944                     /lib/libpthread-2.11.1.so
7f5b99b75000-7f5b99b76000 rw-p 00018000 08:01 131944                     /lib/libpthread-2.11.1.so
7f5b99b76000-7f5b99b7a000 rw-p 00000000 00:00 0 
7f5b99b7a000-7f5b99b90000 r-xp 00000000 08:01 262374                     /lib/libz.so.1.2.3.3
7f5b99b90000-7f5b99d8f000 ---p 00016000 08:01 262374                     /lib/libz.so.1.2.3.3
7f5b99d8f000-7f5b99d90000 r--p 00015000 08:01 262374                     /lib/libz.so.1.2.3.3
7f5b99d90000-7f5b99d91000 rw-p 00016000 08:01 262374                     /lib/libz.so.1.2.3.3
7f5b99d91000-7f5b99db1000 r-xp 00000000 08:01 131927                     /lib/ld-2.11.1.so
7f5b99db4000-7f5b99dc5000 r--s 001a4000 08:01 890195                     /home/zhuowei/Documents/winprogress/mine/mineclassic/mccp/input/wom.jar
7f5b99dc5000-7f5b99dc9000 r--s 0007c000 08:01 386287                     /usr/lib/jvm/java-6-openjdk/jre/lib/jsse.jar
7f5b99dc9000-7f5b99dd3000 rw-p 00000000 00:00 0 
7f5b99dd3000-7f5b99e89000 rw-p 00000000 00:00 0 
7f5b99e89000-7f5b99e8c000 ---p 00000000 00:00 0 
7f5b99e8c000-7f5b99f8f000 rw-p 00000000 00:00 0 
7f5b99f92000-7f5b99f95000 r--s 00019000 08:01 1093843                    /home/zhuowei/Documents/winprogress/mine/mineclassic/mccp/bin/jarjar-1.1.jar
7f5b99f95000-7f5b99f9e000 r--s 00065000 08:01 1395506                    /usr/share/java/gnome-java-bridge.jar
7f5b99f9e000-7f5b99fa1000 r--s 0000f000 08:01 482516                     /usr/lib/jvm/java-6-openjdk/jre/lib/ext/pulse-java.jar
7f5b99fa1000-7f5b99fa4000 r--s 00019000 08:01 1093843                    /home/zhuowei/Documents/winprogress/mine/mineclassic/mccp/bin/jarjar-1.1.jar
7f5b99fa4000-7f5b99fac000 rw-s 00000000 08:01 1093793                    /tmp/hsperfdata_zhuowei/6030
7f5b99fac000-7f5b99fad000 rw-p 00000000 00:00 0 
7f5b99fad000-7f5b99fae000 r--p 00000000 00:00 0 
7f5b99fae000-7f5b99fb0000 rw-p 00000000 00:00 0 
7f5b99fb0000-7f5b99fb1000 r--p 0001f000 08:01 131927                     /lib/ld-2.11.1.so
7f5b99fb1000-7f5b99fb2000 rw-p 00020000 08:01 131927                     /lib/ld-2.11.1.so
7f5b99fb2000-7f5b99fb3000 rw-p 00000000 00:00 0 
7fffc5ba8000-7fffc5bdd000 rw-p 00000000 00:00 0                          [stack]
7fffc5bff000-7fffc5c00000 r-xp 00000000 00:00 0                          [vdso]
ffffffffff600000-ffffffffff601000 r-xp 00000000 00:00 0                  [vsyscall]

VM Arguments:
java_command: jarjar-1.1.jar process ../configs/jarjardecomp.rules ../input/../input/wom.jar ../output/../input/wom.jar
Launcher Type: SUN_STANDARD

Environment Variables:
PATH=/home/zhuowei/Documents/winprogress/alchemy-ubuntu-v0.5a/bin:/home/zhuowei/bin:/usr/local/sbin:/usr/local/bin:/usr/sbin:/usr/bin:/sbin:/bin:/usr/games:/home/zhuowei/bin/flex_sdk_4.5.0.17689/bin:/home/zhuowei/Documents/winprogress/AdobeAIRSDK/bin/:/home/zhuowei/bin/flex_sdk_4.5.0.20967/bin/
USERNAME=zhuowei
LD_LIBRARY_PATH=/usr/lib/jvm/java-6-openjdk/jre/lib/amd64/server:/usr/lib/jvm/java-6-openjdk/jre/lib/amd64:/usr/lib/jvm/java-6-openjdk/jre/../lib/amd64
SHELL=/bin/bash
DISPLAY=:0.0

Signal Handlers:
SIGSEGV: [libjvm.so+0x724020], sa_mask[0]=0x7ffbfeff, sa_flags=0x10000004
SIGBUS: [libjvm.so+0x724020], sa_mask[0]=0x7ffbfeff, sa_flags=0x10000004
SIGFPE: [libjvm.so+0x5e0850], sa_mask[0]=0x7ffbfeff, sa_flags=0x10000004
SIGPIPE: [libjvm.so+0x5e0850], sa_mask[0]=0x7ffbfeff, sa_flags=0x10000004
SIGXFSZ: [libjvm.so+0x5e0850], sa_mask[0]=0x7ffbfeff, sa_flags=0x10000004
SIGILL: [libjvm.so+0x5e0850], sa_mask[0]=0x7ffbfeff, sa_flags=0x10000004
SIGUSR1: SIG_DFL, sa_mask[0]=0x00000000, sa_flags=0x00000000
SIGUSR2: [libjvm.so+0x5dff60], sa_mask[0]=0x00000000, sa_flags=0x10000004
SIGHUP: [libjvm.so+0x5e29d0], sa_mask[0]=0x7ffbfeff, sa_flags=0x10000004
SIGINT: [libjvm.so+0x5e29d0], sa_mask[0]=0x7ffbfeff, sa_flags=0x10000004
SIGTERM: [libjvm.so+0x5e29d0], sa_mask[0]=0x7ffbfeff, sa_flags=0x10000004
SIGQUIT: [libjvm.so+0x5e29d0], sa_mask[0]=0x7ffbfeff, sa_flags=0x10000004


---------------  S Y S T E M  ---------------

OS:Ubuntu 10.04 (lucid)
uname:Linux 2.6.32-34-generic #77-Ubuntu SMP Tue Sep 13 19:39:17 UTC 2011 x86_64
libc:glibc 2.11.1 NPTL 2.11.1 
rlimit: STACK 8192k, CORE 0k, NPROC infinity, NOFILE 1024, AS infinity
load average:1.69 1.26 1.20

/proc/meminfo:
MemTotal:        1023796 kB
MemFree:           67012 kB
Buffers:            9176 kB
Cached:           212084 kB
SwapCached:        67284 kB
Active:           260504 kB
Inactive:         592876 kB
Active(anon):     198196 kB
Inactive(anon):   437136 kB
Active(file):      62308 kB
Inactive(file):   155740 kB
Unevictable:           0 kB
Mlocked:               0 kB
SwapTotal:       2048248 kB
SwapFree:        1527376 kB
Dirty:               260 kB
Writeback:             0 kB
AnonPages:        588492 kB
Mapped:            52884 kB
Shmem:              3212 kB
Slab:              29056 kB
SReclaimable:      11060 kB
SUnreclaim:        17996 kB
KernelStack:        2328 kB
PageTables:        24260 kB
NFS_Unstable:          0 kB
Bounce:                0 kB
WritebackTmp:          0 kB
CommitLimit:     2560144 kB
Committed_AS:    1857772 kB
VmallocTotal:   34359738367 kB
VmallocUsed:      305512 kB
VmallocChunk:   34359414780 kB
HardwareCorrupted:     0 kB
HugePages_Total:       0
HugePages_Free:        0
HugePages_Rsvd:        0
HugePages_Surp:        0
Hugepagesize:       2048 kB
DirectMap4k:       12224 kB
DirectMap2M:     1036288 kB


CPU:total 1 (1 cores per cpu, 1 threads per core) family 15 model 47 stepping 2, cmov, cx8, fxsr, mmx, sse, sse2, sse3, mmxext, 3dnow, 3dnowext

Memory: 4k page, physical 1023796k(67012k free), swap 2048248k(1527376k free)

vm_info: OpenJDK 64-Bit Server VM (19.0-b09) for linux-amd64 JRE (1.6.0_20-b20), built on Jul 22 2011 01:26:54 by "buildd" with gcc 4.4.3

time: Thu Oct 27 22:26:29 2011
elapsed time: 0 seconds

